[2026-05-30T04:30:02.707Z] [INFO] === scheduled-run start (skipSend=false) ===
[2026-05-30T04:30:02.734Z] [INFO] running C:\Users\Itzhak\.openclaw\workspace\news-dashboard\morning-run.js
[2026-05-30T04:34:05.562Z] [PIPE] {
[2026-05-30T04:34:05.562Z] [PIPE]   "status": "SUCCESS",
[2026-05-30T04:34:05.562Z] [PIPE]   "items": 37
[2026-05-30T04:34:05.563Z] [PIPE] }
[2026-05-30T04:34:05.563Z] [PIPE] {
[2026-05-30T04:34:05.563Z] [PIPE]   "status": "SUCCESS",
[2026-05-30T04:34:05.563Z] [PIPE]   "items": 37,
[2026-05-30T04:34:05.563Z] [PIPE]   "dailyFile": "2026-05-30.html"
[2026-05-30T04:34:05.564Z] [PIPE] }
[2026-05-30T04:34:05.564Z] [PIPE] {
[2026-05-30T04:34:05.564Z] [PIPE]   "ok": true,
[2026-05-30T04:34:05.564Z] [PIPE]   "buildId": "build-1780115402846",
[2026-05-30T04:34:05.564Z] [PIPE]   "lastPublishedAt": "2026-05-30T04:30:02.846Z",
[2026-05-30T04:34:05.564Z] [PIPE]   "tech2WithMedia": 20,
[2026-05-30T04:34:05.564Z] [PIPE]   "itemCount": 37
[2026-05-30T04:34:05.564Z] [PIPE] }
[2026-05-30T04:34:05.564Z] [PIPE] [main 3294312] Publish news dashboard build-1780115402846
[2026-05-30T04:34:05.565Z] [PIPE]  103 files changed, 5234 insertions(+), 4886 deletions(-)
[2026-05-30T04:34:05.565Z] [PIPE]  create mode 100644 news-dashboard/live-site/2026-05-30.html
[2026-05-30T04:34:05.565Z] [PIPE]  delete mode 100644 news-dashboard/live-site/archive/2026-05-20.html
[2026-05-30T04:34:05.565Z] [PIPE]  create mode 100644 news-dashboard/live-site/archive/2026-05-30.html
[2026-05-30T04:34:05.565Z] [PIPE]  delete mode 100644 news-dashboard/live-site/assets/media/2026-05-20-crypto-decrypt-1.png
[2026-05-30T04:34:05.565Z] [PIPE]  delete mode 100644 news-dashboard/live-site/assets/media/2026-05-20-crypto-decrypt-2.jpg
[2026-05-30T04:34:05.565Z] [PIPE]  delete mode 100644 news-dashboard/live-site/assets/media/2026-05-20-crypto-decrypt-4.jpg
[2026-05-30T04:34:05.565Z] [PIPE]  delete mode 100644 news-dashboard/live-site/assets/media/2026-05-20-crypto-decrypt-5.jpg
[2026-05-30T04:34:05.565Z] [PIPE]  delete mode 100644 news-dashboard/live-site/assets/media/2026-05-20-hapoel-sport-5-2.jpg
[2026-05-30T04:34:05.565Z] [PIPE]  delete mode 100644 news-dashboard/live-site/assets/media/2026-05-20-hapoel-sport-5-3.jpg
[2026-05-30T04:34:05.565Z] [PIPE]  delete mode 100644 news-dashboard/live-site/assets/media/2026-05-20-hapoel-ynet-sport-israel-soccer-1.jpg
[2026-05-30T04:34:05.565Z] [PIPE]  delete mode 100644 news-dashboard/live-site/assets/media/2026-05-20-israel-israel-hayom-news-1.jpg
[2026-05-30T04:34:05.565Z] [PIPE]  delete mode 100644 news-dashboard/live-site/assets/media/2026-05-20-israel-israel-hayom-news-2.jpg
[2026-05-30T04:34:05.566Z] [PIPE]  delete mode 100644 news-dashboard/live-site/assets/media/2026-05-20-israel-israel-hayom-news-3.jpg
[2026-05-30T04:34:05.566Z] [PIPE]  delete mode 100644 news-dashboard/live-site/assets/media/2026-05-20-israel-israel-hayom-news-4.png
[2026-05-30T04:34:05.566Z] [PIPE]  delete mode 100644 news-dashboard/live-site/assets/media/2026-05-20-israel-israel-hayom-news-5.jpg
[2026-05-30T04:34:05.566Z] [PIPE]  delete mode 100644 news-dashboard/live-site/assets/media/2026-05-20-technology-calcalist-tech-4.jpg
[2026-05-30T04:34:05.566Z] [PIPE]  delete mode 100644 news-dashboard/live-site/assets/media/2026-05-20-technology-wired-1.jpg
[2026-05-30T04:34:05.566Z] [PIPE]  delete mode 100644 news-dashboard/live-site/assets/media/2026-05-20-technology-wired-2.jpg
[2026-05-30T04:34:05.566Z] [PIPE]  delete mode 100644 news-dashboard/live-site/assets/media/2026-05-20-technology-wired-3.jpg
[2026-05-30T04:34:05.566Z] [PIPE]  delete mode 100644 news-dashboard/live-site/assets/media/2026-05-20-technology2-ai_tg_il-telegram-13.jpg
[2026-05-30T04:34:05.566Z] [PIPE]  delete mode 100644 news-dashboard/live-site/assets/media/2026-05-20-technology2-ai_tg_il-telegram-2.jpg
[2026-05-30T04:34:05.566Z] [PIPE]  delete mode 100644 news-dashboard/live-site/assets/media/2026-05-20-technology2-ai_tg_il-telegram-20.jpg
[2026-05-30T04:34:05.566Z] [PIPE]  delete mode 100644 news-dashboard/live-site/assets/media/2026-05-20-technology2-ai_tg_il-telegram-6.jpg
[2026-05-30T04:34:05.566Z] [PIPE]  delete mode 100644 news-dashboard/live-site/assets/media/2026-05-20-technology2-botai14-telegram-17.jpg
[2026-05-30T04:34:05.566Z] [PIPE]  delete mode 100644 news-dashboard/live-site/assets/media/2026-05-20-technology2-botai14-telegram-19.jpg
[2026-05-30T04:34:05.566Z] [PIPE]  delete mode 100644 news-dashboard/live-site/assets/media/2026-05-20-technology2-botai14-telegram-3.jpg
[2026-05-30T04:34:05.567Z] [PIPE]  delete mode 100644 news-dashboard/live-site/assets/media/2026-05-20-technology2-botai14-telegram-7.jpg
[2026-05-30T04:34:05.567Z] [PIPE]  delete mode 100644 news-dashboard/live-site/assets/media/2026-05-20-technology2-hackit770-telegram-14.jpg
[2026-05-30T04:34:05.567Z] [PIPE]  delete mode 100644 news-dashboard/live-site/assets/media/2026-05-20-technology2-hackit770-telegram-15.jpg
[2026-05-30T04:34:05.567Z] [PIPE]  delete mode 100644 news-dashboard/live-site/assets/media/2026-05-20-technology2-hackit770-telegram-16.jpg
[2026-05-30T04:34:05.567Z] [PIPE]  delete mode 100644 news-dashboard/live-site/assets/media/2026-05-20-technology2-hackit770-telegram-18.jpg
[2026-05-30T04:34:05.567Z] [PIPE]  delete mode 100644 news-dashboard/live-site/assets/media/2026-05-20-technology2-hackit770-telegram-5.jpg
[2026-05-30T04:34:05.567Z] [PIPE]  delete mode 100644 news-dashboard/live-site/assets/media/2026-05-20-technology2-hackit770-telegram-8.jpg
[2026-05-30T04:34:05.567Z] [PIPE]  delete mode 100644 news-dashboard/live-site/assets/media/2026-05-20-technology2-technewsheb-telegram-1.jpg
[2026-05-30T04:34:05.567Z] [PIPE]  delete mode 100644 news-dashboard/live-site/assets/media/2026-05-20-technology2-technewsheb-telegram-10.jpg
[2026-05-30T04:34:05.567Z] [PIPE]  delete mode 100644 news-dashboard/live-site/assets/media/2026-05-20-technology2-technewsheb-telegram-11.jpg
[2026-05-30T04:34:05.567Z] [PIPE]  delete mode 100644 news-dashboard/live-site/assets/media/2026-05-20-technology2-technewsheb-telegram-12.jpg
[2026-05-30T04:34:05.567Z] [PIPE]  delete mode 100644 news-dashboard/live-site/assets/media/2026-05-20-technology2-technewsheb-telegram-4.jpg
[2026-05-30T04:34:05.567Z] [PIPE]  delete mode 100644 news-dashboard/live-site/assets/media/2026-05-20-technology2-technewsheb-telegram-9.jpg
[2026-05-30T04:34:05.567Z] [PIPE]  create mode 100644 news-dashboard/live-site/assets/media/2026-05-30-crypto-decrypt-1.jpg
[2026-05-30T04:34:05.568Z] [PIPE]  create mode 100644 news-dashboard/live-site/assets/media/2026-05-30-crypto-decrypt-2.jpg
[2026-05-30T04:34:05.568Z] [PIPE]  create mode 100644 news-dashboard/live-site/assets/media/2026-05-30-crypto-decrypt-3.png
[2026-05-30T04:34:05.568Z] [PIPE]  rename news-dashboard/live-site/assets/media/{2026-05-20-crypto-decrypt-3.jpg => 2026-05-30-crypto-decrypt-4.jpg} (100%)
[2026-05-30T04:34:05.568Z] [PIPE]  create mode 100644 news-dashboard/live-site/assets/media/2026-05-30-crypto-decrypt-5.jpg
[2026-05-30T04:34:05.568Z] [PIPE]  create mode 100644 news-dashboard/live-site/assets/media/2026-05-30-hapoel-hapoel-pt-news-2.jpg
[2026-05-30T04:34:05.568Z] [PIPE]  create mode 100644 news-dashboard/live-site/assets/media/2026-05-30-hapoel-ynet-sport-israel-soccer-1.jpg
[2026-05-30T04:34:05.568Z] [PIPE]  create mode 100644 news-dashboard/live-site/assets/media/2026-05-30-israel-israel-hayom-news-1.jpg
[2026-05-30T04:34:05.568Z] [PIPE]  create mode 100644 news-dashboard/live-site/assets/media/2026-05-30-israel-israel-hayom-news-2.jpg
[2026-05-30T04:34:05.568Z] [PIPE]  create mode 100644 news-dashboard/live-site/assets/media/2026-05-30-israel-israel-hayom-news-3.jpg
[2026-05-30T04:34:05.568Z] [PIPE]  create mode 100644 news-dashboard/live-site/assets/media/2026-05-30-israel-israel-hayom-news-4.jpg
[2026-05-30T04:34:05.568Z] [PIPE]  create mode 100644 news-dashboard/live-site/assets/media/2026-05-30-israel-israel-hayom-news-5.jpg
[2026-05-30T04:34:05.568Z] [PIPE]  create mode 100644 news-dashboard/live-site/assets/media/2026-05-30-technology-calcalist-tech-3.jpg
[2026-05-30T04:34:05.568Z] [PIPE]  create mode 100644 news-dashboard/live-site/assets/media/2026-05-30-technology-calcalist-tech-4.jpg
[2026-05-30T04:34:05.568Z] [PIPE]  create mode 100644 news-dashboard/live-site/assets/media/2026-05-30-technology-wired-1.jpg
[2026-05-30T04:34:05.569Z] [PIPE]  create mode 100644 news-dashboard/live-site/assets/media/2026-05-30-technology-wired-2.jpg
[2026-05-30T04:34:05.569Z] [PIPE]  create mode 100644 news-dashboard/live-site/assets/media/2026-05-30-technology-wired-5.jpg
[2026-05-30T04:34:05.569Z] [PIPE]  create mode 100644 news-dashboard/live-site/assets/media/2026-05-30-technology2-ai_tg_il-telegram-11.jpg
[2026-05-30T04:34:05.569Z] [PIPE]  create mode 100644 news-dashboard/live-site/assets/media/2026-05-30-technology2-ai_tg_il-telegram-12.jpg
[2026-05-30T04:34:05.569Z] [PIPE]  create mode 100644 news-dashboard/live-site/assets/media/2026-05-30-technology2-ai_tg_il-telegram-13.jpg
[2026-05-30T04:34:05.569Z] [PIPE]  create mode 100644 news-dashboard/live-site/assets/media/2026-05-30-technology2-ai_tg_il-telegram-17.jpg
[2026-05-30T04:34:05.569Z] [PIPE]  create mode 100644 news-dashboard/live-site/assets/media/2026-05-30-technology2-ai_tg_il-telegram-3.jpg
[2026-05-30T04:34:05.569Z] [PIPE]  create mode 100644 news-dashboard/live-site/assets/media/2026-05-30-technology2-ai_tg_il-telegram-4.jpg
[2026-05-30T04:34:05.569Z] [PIPE]  create mode 100644 news-dashboard/live-site/assets/media/2026-05-30-technology2-botai14-telegram-6.jpg
[2026-05-30T04:34:05.569Z] [PIPE]  create mode 100644 news-dashboard/live-site/assets/media/2026-05-30-technology2-botai14-telegram-8.jpg
[2026-05-30T04:34:05.569Z] [PIPE]  create mode 100644 news-dashboard/live-site/assets/media/2026-05-30-technology2-hackit770-telegram-14.jpg
[2026-05-30T04:34:05.569Z] [PIPE]  create mode 100644 news-dashboard/live-site/assets/media/2026-05-30-technology2-hackit770-telegram-18.jpg
[2026-05-30T04:34:05.569Z] [PIPE]  create mode 100644 news-dashboard/live-site/assets/media/2026-05-30-technology2-hackit770-telegram-19.jpg
[2026-05-30T04:34:05.569Z] [PIPE]  create mode 100644 news-dashboard/live-site/assets/media/2026-05-30-technology2-hackit770-telegram-20.jpg
[2026-05-30T04:34:05.569Z] [PIPE]  create mode 100644 news-dashboard/live-site/assets/media/2026-05-30-technology2-hackit770-telegram-5.jpg
[2026-05-30T04:34:05.570Z] [PIPE]  create mode 100644 news-dashboard/live-site/assets/media/2026-05-30-technology2-hackit770-telegram-7.jpg
[2026-05-30T04:34:05.570Z] [PIPE]  create mode 100644 news-dashboard/live-site/assets/media/2026-05-30-technology2-technewsheb-telegram-1.jpg
[2026-05-30T04:34:05.570Z] [PIPE]  create mode 100644 news-dashboard/live-site/assets/media/2026-05-30-technology2-technewsheb-telegram-10.jpg
[2026-05-30T04:34:05.570Z] [PIPE]  create mode 100644 news-dashboard/live-site/assets/media/2026-05-30-technology2-technewsheb-telegram-15.jpg
[2026-05-30T04:34:05.570Z] [PIPE]  create mode 100644 news-dashboard/live-site/assets/media/2026-05-30-technology2-technewsheb-telegram-16.jpg
[2026-05-30T04:34:05.570Z] [PIPE]  create mode 100644 news-dashboard/live-site/assets/media/2026-05-30-technology2-technewsheb-telegram-2.jpg
[2026-05-30T04:34:05.570Z] [PIPE]  create mode 100644 news-dashboard/live-site/assets/media/2026-05-30-technology2-technewsheb-telegram-9.jpg
[2026-05-30T04:34:05.570Z] [PIPE]  create mode 100644 news-dashboard/scheduled-logs/2026-05-30.log
[2026-05-30T04:34:05.570Z] [PIPE] {
[2026-05-30T04:34:05.570Z] [PIPE]   "ok": true,
[2026-05-30T04:34:05.570Z] [PIPE]   "buildId": "build-1780115402846",
[2026-05-30T04:34:05.570Z] [PIPE]   "commit": "3294312fd96132cd31f3d62f81a197943a20e12f",
[2026-05-30T04:34:05.570Z] [PIPE]   "datedUrl": "https://eladtz2025.github.io/OpenCLawClawy/news-dashboard/live-site/2026-05-30.html?v=build-1780115402846"
[2026-05-30T04:34:05.570Z] [PIPE] }{
[2026-05-30T04:34:05.570Z] [PIPE]   "ok": true,
[2026-05-30T04:34:05.570Z] [PIPE]   "publicUrl": "https://eladtz2025.github.io/OpenCLawClawy/news-dashboard/live-site/latest.html?v=build-1780115402846",
[2026-05-30T04:34:05.570Z] [PIPE]   "resolvedUrl": "https://eladtz2025.github.io/OpenCLawClawy/news-dashboard/live-site/2026-05-30.html?v=build-1780115402846",
[2026-05-30T04:34:05.571Z] [PIPE]   "buildId": "build-1780115402846"
[2026-05-30T04:34:05.571Z] [PIPE] }{
[2026-05-30T04:34:05.571Z] [PIPE]   "ok": true,
[2026-05-30T04:34:05.571Z] [PIPE]   "checked": 12,
[2026-05-30T04:34:05.571Z] [PIPE]   "totalMediaRefs": 37,
[2026-05-30T04:34:05.571Z] [PIPE]   "attempts": 1
[2026-05-30T04:34:05.571Z] [PIPE] }Dashboard pipeline status: SUCCESS
[2026-05-30T04:34:05.571Z] [PIPE-ERR] To https://github.com/Eladtz2025/OpenCLawClawy.git
[2026-05-30T04:34:05.571Z] [PIPE-ERR]    d25b224..3294312  HEAD -> main
[2026-05-30T04:34:05.572Z] [INFO] pipeline ok, buildId=build-1780115402846
[2026-05-30T04:34:05.574Z] [INFO] sending summary (117 bytes) via gateway → telegram:620906995 key=news:morning:feec3e765ac2feef443f833c
[2026-05-30T04:34:11.590Z] [ERR] gateway send failed exit=1 stderr=
[2026-05-30T04:34:11.590Z] [ERR] send failed: gateway send failed
