[2026-05-14T04:30:02.700Z] [INFO] === scheduled-run start (skipSend=false) ===
[2026-05-14T04:30:02.707Z] [INFO] running C:\Users\Itzhak\.openclaw\workspace\news-dashboard\morning-run.js
[2026-05-14T04:33:21.402Z] [PIPE] {
[2026-05-14T04:33:21.402Z] [PIPE]   "status": "PARTIAL",
[2026-05-14T04:33:21.403Z] [PIPE]   "items": 38
[2026-05-14T04:33:21.403Z] [PIPE] }
[2026-05-14T04:33:21.403Z] [PIPE] {
[2026-05-14T04:33:21.403Z] [PIPE]   "status": "PARTIAL",
[2026-05-14T04:33:21.403Z] [PIPE]   "items": 38,
[2026-05-14T04:33:21.404Z] [PIPE]   "dailyFile": "2026-05-14.html"
[2026-05-14T04:33:21.404Z] [PIPE] }
[2026-05-14T04:33:21.404Z] [PIPE] {
[2026-05-14T04:33:21.404Z] [PIPE]   "ok": true,
[2026-05-14T04:33:21.404Z] [PIPE]   "buildId": "build-1778733002819",
[2026-05-14T04:33:21.404Z] [PIPE]   "lastPublishedAt": "2026-05-14T04:30:02.819Z",
[2026-05-14T04:33:21.404Z] [PIPE]   "tech2WithMedia": 22,
[2026-05-14T04:33:21.404Z] [PIPE]   "itemCount": 38
[2026-05-14T04:33:21.405Z] [PIPE] }
[2026-05-14T04:33:21.405Z] [PIPE] [main 8ca1c69] Publish news dashboard build-1778733002819
[2026-05-14T04:33:21.405Z] [PIPE]  101 files changed, 4985 insertions(+), 4002 deletions(-)
[2026-05-14T04:33:21.405Z] [PIPE]  create mode 100644 news-dashboard/live-site/2026-05-14.html
[2026-05-14T04:33:21.405Z] [PIPE]  delete mode 100644 news-dashboard/live-site/archive/2026-05-07.html
[2026-05-14T04:33:21.405Z] [PIPE]  create mode 100644 news-dashboard/live-site/archive/2026-05-14.html
[2026-05-14T04:33:21.405Z] [PIPE]  delete mode 100644 news-dashboard/live-site/assets/media/2026-05-07-crypto-coindesk-4.jpg
[2026-05-14T04:33:21.405Z] [PIPE]  delete mode 100644 news-dashboard/live-site/assets/media/2026-05-07-crypto-decrypt-1.png
[2026-05-14T04:33:21.405Z] [PIPE]  delete mode 100644 news-dashboard/live-site/assets/media/2026-05-07-crypto-decrypt-3.png
[2026-05-14T04:33:21.405Z] [PIPE]  delete mode 100644 news-dashboard/live-site/assets/media/2026-05-07-crypto-decrypt-5.jpg
[2026-05-14T04:33:21.406Z] [PIPE]  delete mode 100644 news-dashboard/live-site/assets/media/2026-05-07-hapoel-walla-sport-1.webp
[2026-05-14T04:33:21.406Z] [PIPE]  delete mode 100644 news-dashboard/live-site/assets/media/2026-05-07-hapoel-ynet-sport-israel-soccer-2.jpg
[2026-05-14T04:33:21.406Z] [PIPE]  delete mode 100644 news-dashboard/live-site/assets/media/2026-05-07-hapoel-ynet-sport-israel-soccer-3.jpg
[2026-05-14T04:33:21.406Z] [PIPE]  delete mode 100644 news-dashboard/live-site/assets/media/2026-05-07-hapoel-ynet-sport-israel-soccer-4.jpg
[2026-05-14T04:33:21.406Z] [PIPE]  delete mode 100644 news-dashboard/live-site/assets/media/2026-05-07-israel-israel-hayom-news-3.jpg
[2026-05-14T04:33:21.406Z] [PIPE]  delete mode 100644 news-dashboard/live-site/assets/media/2026-05-07-israel-israel-hayom-news-4.jpg
[2026-05-14T04:33:21.406Z] [PIPE]  delete mode 100644 news-dashboard/live-site/assets/media/2026-05-07-israel-ynet-news-1.jpg
[2026-05-14T04:33:21.406Z] [PIPE]  delete mode 100644 news-dashboard/live-site/assets/media/2026-05-07-israel-ynet-news-2.jpg
[2026-05-14T04:33:21.406Z] [PIPE]  delete mode 100644 news-dashboard/live-site/assets/media/2026-05-07-israel-ynet-news-5.jpg
[2026-05-14T04:33:21.406Z] [PIPE]  delete mode 100644 news-dashboard/live-site/assets/media/2026-05-07-technology-calcalist-tech-3.jpg
[2026-05-14T04:33:21.406Z] [PIPE]  delete mode 100644 news-dashboard/live-site/assets/media/2026-05-07-technology-wired-1.jpg
[2026-05-14T04:33:21.407Z] [PIPE]  delete mode 100644 news-dashboard/live-site/assets/media/2026-05-07-technology-wired-2.jpg
[2026-05-14T04:33:21.407Z] [PIPE]  delete mode 100644 news-dashboard/live-site/assets/media/2026-05-07-technology2-ai_tg_il-telegram-15.jpg
[2026-05-14T04:33:21.407Z] [PIPE]  delete mode 100644 news-dashboard/live-site/assets/media/2026-05-07-technology2-ai_tg_il-telegram-18.jpg
[2026-05-14T04:33:21.407Z] [PIPE]  delete mode 100644 news-dashboard/live-site/assets/media/2026-05-07-technology2-ai_tg_il-telegram-19.jpg
[2026-05-14T04:33:21.407Z] [PIPE]  delete mode 100644 news-dashboard/live-site/assets/media/2026-05-07-technology2-ai_tg_il-telegram-20.jpg
[2026-05-14T04:33:21.407Z] [PIPE]  delete mode 100644 news-dashboard/live-site/assets/media/2026-05-07-technology2-ai_tg_il-telegram-4.jpg
[2026-05-14T04:33:21.407Z] [PIPE]  delete mode 100644 news-dashboard/live-site/assets/media/2026-05-07-technology2-ai_tg_il-telegram-5.jpg
[2026-05-14T04:33:21.407Z] [PIPE]  delete mode 100644 news-dashboard/live-site/assets/media/2026-05-07-technology2-botai14-telegram-23.jpg
[2026-05-14T04:33:21.407Z] [PIPE]  delete mode 100644 news-dashboard/live-site/assets/media/2026-05-07-technology2-botai14-telegram-3.jpg
[2026-05-14T04:33:21.407Z] [PIPE]  delete mode 100644 news-dashboard/live-site/assets/media/2026-05-07-technology2-hackit770-telegram-11.jpg
[2026-05-14T04:33:21.407Z] [PIPE]  delete mode 100644 news-dashboard/live-site/assets/media/2026-05-07-technology2-hackit770-telegram-7.jpg
[2026-05-14T04:33:21.407Z] [PIPE]  delete mode 100644 news-dashboard/live-site/assets/media/2026-05-07-technology2-hackit770-telegram-8.jpg
[2026-05-14T04:33:21.407Z] [PIPE]  delete mode 100644 news-dashboard/live-site/assets/media/2026-05-07-technology2-technewsheb-telegram-1.jpg
[2026-05-14T04:33:21.408Z] [PIPE]  delete mode 100644 news-dashboard/live-site/assets/media/2026-05-07-technology2-technewsheb-telegram-14.jpg
[2026-05-14T04:33:21.408Z] [PIPE]  delete mode 100644 news-dashboard/live-site/assets/media/2026-05-07-technology2-technewsheb-telegram-17.jpg
[2026-05-14T04:33:21.408Z] [PIPE]  delete mode 100644 news-dashboard/live-site/assets/media/2026-05-07-technology2-technewsheb-telegram-2.jpg
[2026-05-14T04:33:21.408Z] [PIPE]  delete mode 100644 news-dashboard/live-site/assets/media/2026-05-07-technology2-technewsheb-telegram-21.jpg
[2026-05-14T04:33:21.408Z] [PIPE]  delete mode 100644 news-dashboard/live-site/assets/media/2026-05-07-technology2-technewsheb-telegram-22.jpg
[2026-05-14T04:33:21.408Z] [PIPE]  create mode 100644 news-dashboard/live-site/assets/media/2026-05-14-crypto-decrypt-1.jpg
[2026-05-14T04:33:21.408Z] [PIPE]  create mode 100644 news-dashboard/live-site/assets/media/2026-05-14-crypto-decrypt-2.png
[2026-05-14T04:33:21.408Z] [PIPE]  create mode 100644 news-dashboard/live-site/assets/media/2026-05-14-crypto-decrypt-3.jpg
[2026-05-14T04:33:21.408Z] [PIPE]  rename news-dashboard/live-site/assets/media/{2026-05-07-crypto-decrypt-2.jpg => 2026-05-14-crypto-decrypt-4.jpg} (100%)
[2026-05-14T04:33:21.408Z] [PIPE]  create mode 100644 news-dashboard/live-site/assets/media/2026-05-14-crypto-decrypt-5.jpg
[2026-05-14T04:33:21.408Z] [PIPE]  create mode 100644 news-dashboard/live-site/assets/media/2026-05-14-hapoel-ynet-sport-israel-soccer-1.jpg
[2026-05-14T04:33:21.408Z] [PIPE]  create mode 100644 news-dashboard/live-site/assets/media/2026-05-14-hapoel-ynet-sport-israel-soccer-2.jpg
[2026-05-14T04:33:21.408Z] [PIPE]  create mode 100644 news-dashboard/live-site/assets/media/2026-05-14-israel-israel-hayom-news-1.jpg
[2026-05-14T04:33:21.408Z] [PIPE]  create mode 100644 news-dashboard/live-site/assets/media/2026-05-14-israel-israel-hayom-news-2.jpg
[2026-05-14T04:33:21.408Z] [PIPE]  create mode 100644 news-dashboard/live-site/assets/media/2026-05-14-israel-israel-hayom-news-3.jpg
[2026-05-14T04:33:21.408Z] [PIPE]  create mode 100644 news-dashboard/live-site/assets/media/2026-05-14-israel-israel-hayom-news-4.jpg
[2026-05-14T04:33:21.409Z] [PIPE]  create mode 100644 news-dashboard/live-site/assets/media/2026-05-14-israel-israel-hayom-news-5.jpg
[2026-05-14T04:33:21.409Z] [PIPE]  create mode 100644 news-dashboard/live-site/assets/media/2026-05-14-technology-calcalist-tech-1.jpg
[2026-05-14T04:33:21.409Z] [PIPE]  rename news-dashboard/live-site/assets/media/{2026-05-07-technology-calcalist-tech-4.jpg => 2026-05-14-technology-calcalist-tech-4.jpg} (100%)
[2026-05-14T04:33:21.409Z] [PIPE]  create mode 100644 news-dashboard/live-site/assets/media/2026-05-14-technology-wired-2.jpg
[2026-05-14T04:33:21.409Z] [PIPE]  create mode 100644 news-dashboard/live-site/assets/media/2026-05-14-technology-wired-3.jpg
[2026-05-14T04:33:21.409Z] [PIPE]  create mode 100644 news-dashboard/live-site/assets/media/2026-05-14-technology2-ai_tg_il-telegram-10.jpg
[2026-05-14T04:33:21.409Z] [PIPE]  create mode 100644 news-dashboard/live-site/assets/media/2026-05-14-technology2-ai_tg_il-telegram-15.jpg
[2026-05-14T04:33:21.409Z] [PIPE]  create mode 100644 news-dashboard/live-site/assets/media/2026-05-14-technology2-ai_tg_il-telegram-16.jpg
[2026-05-14T04:33:21.409Z] [PIPE]  create mode 100644 news-dashboard/live-site/assets/media/2026-05-14-technology2-ai_tg_il-telegram-17.jpg
[2026-05-14T04:33:21.409Z] [PIPE]  create mode 100644 news-dashboard/live-site/assets/media/2026-05-14-technology2-ai_tg_il-telegram-3.jpg
[2026-05-14T04:33:21.409Z] [PIPE]  create mode 100644 news-dashboard/live-site/assets/media/2026-05-14-technology2-ai_tg_il-telegram-4.jpg
[2026-05-14T04:33:21.409Z] [PIPE]  rename news-dashboard/live-site/assets/media/{2026-05-07-technology2-botai14-telegram-16.jpg => 2026-05-14-technology2-botai14-telegram-13.jpg} (100%)
[2026-05-14T04:33:21.409Z] [PIPE]  create mode 100644 news-dashboard/live-site/assets/media/2026-05-14-technology2-botai14-telegram-18.jpg
[2026-05-14T04:33:21.409Z] [PIPE]  rename news-dashboard/live-site/assets/media/{2026-05-07-technology2-botai14-telegram-6.jpg => 2026-05-14-technology2-botai14-telegram-5.jpg} (100%)
[2026-05-14T04:33:21.410Z] [PIPE]  rename news-dashboard/live-site/assets/media/{2026-05-07-technology2-botai14-telegram-10.jpg => 2026-05-14-technology2-botai14-telegram-7.jpg} (100%)
[2026-05-14T04:33:21.410Z] [PIPE]  rename news-dashboard/live-site/assets/media/{2026-05-07-technology2-hackit770-telegram-13.jpg => 2026-05-14-technology2-hackit770-telegram-11.jpg} (100%)
[2026-05-14T04:33:21.410Z] [PIPE]  create mode 100644 news-dashboard/live-site/assets/media/2026-05-14-technology2-hackit770-telegram-19.jpg
[2026-05-14T04:33:21.410Z] [PIPE]  create mode 100644 news-dashboard/live-site/assets/media/2026-05-14-technology2-hackit770-telegram-20.jpg
[2026-05-14T04:33:21.410Z] [PIPE]  create mode 100644 news-dashboard/live-site/assets/media/2026-05-14-technology2-hackit770-telegram-21.jpg
[2026-05-14T04:33:21.410Z] [PIPE]  rename news-dashboard/live-site/assets/media/{2026-05-07-technology2-hackit770-telegram-9.jpg => 2026-05-14-technology2-hackit770-telegram-6.jpg} (100%)
[2026-05-14T04:33:21.410Z] [PIPE]  rename news-dashboard/live-site/assets/media/{2026-05-07-technology2-hackit770-telegram-12.jpg => 2026-05-14-technology2-hackit770-telegram-8.jpg} (100%)
[2026-05-14T04:33:21.410Z] [PIPE]  create mode 100644 news-dashboard/live-site/assets/media/2026-05-14-technology2-technewsheb-telegram-1.jpg
[2026-05-14T04:33:21.410Z] [PIPE]  create mode 100644 news-dashboard/live-site/assets/media/2026-05-14-technology2-technewsheb-telegram-12.jpg
[2026-05-14T04:33:21.410Z] [PIPE]  create mode 100644 news-dashboard/live-site/assets/media/2026-05-14-technology2-technewsheb-telegram-14.jpg
[2026-05-14T04:33:21.410Z] [PIPE]  create mode 100644 news-dashboard/live-site/assets/media/2026-05-14-technology2-technewsheb-telegram-2.jpg
[2026-05-14T04:33:21.410Z] [PIPE]  create mode 100644 news-dashboard/live-site/assets/media/2026-05-14-technology2-technewsheb-telegram-22.jpg
[2026-05-14T04:33:21.411Z] [PIPE]  create mode 100644 news-dashboard/live-site/assets/media/2026-05-14-technology2-technewsheb-telegram-9.jpg
[2026-05-14T04:33:21.411Z] [PIPE]  create mode 100644 news-dashboard/scheduled-logs/2026-05-14.log
[2026-05-14T04:33:21.411Z] [PIPE] {
[2026-05-14T04:33:21.411Z] [PIPE]   "ok": true,
[2026-05-14T04:33:21.411Z] [PIPE]   "buildId": "build-1778733002819",
[2026-05-14T04:33:21.411Z] [PIPE]   "commit": "8ca1c69e5435bab5f40bbde333f516def9235dbd",
[2026-05-14T04:33:21.411Z] [PIPE]   "datedUrl": "https://eladtz2025.github.io/OpenCLawClawy/news-dashboard/live-site/2026-05-14.html?v=build-1778733002819"
[2026-05-14T04:33:21.411Z] [PIPE] }{
[2026-05-14T04:33:21.411Z] [PIPE]   "ok": true,
[2026-05-14T04:33:21.411Z] [PIPE]   "publicUrl": "https://eladtz2025.github.io/OpenCLawClawy/news-dashboard/live-site/latest.html?v=build-1778733002819",
[2026-05-14T04:33:21.411Z] [PIPE]   "resolvedUrl": "https://eladtz2025.github.io/OpenCLawClawy/news-dashboard/live-site/2026-05-14.html?v=build-1778733002819",
[2026-05-14T04:33:21.411Z] [PIPE]   "buildId": "build-1778733002819"
[2026-05-14T04:33:21.412Z] [PIPE] }{
[2026-05-14T04:33:21.412Z] [PIPE]   "ok": true,
[2026-05-14T04:33:21.412Z] [PIPE]   "checked": 12,
[2026-05-14T04:33:21.412Z] [PIPE]   "totalMediaRefs": 38,
[2026-05-14T04:33:21.412Z] [PIPE]   "attempts": 1
[2026-05-14T04:33:21.412Z] [PIPE] }Dashboard pipeline status: SUCCESS
[2026-05-14T04:33:21.412Z] [PIPE-ERR] To https://github.com/Eladtz2025/OpenCLawClawy.git
[2026-05-14T04:33:21.412Z] [PIPE-ERR]    481a6f5..8ca1c69  HEAD -> main
[2026-05-14T04:33:21.413Z] [WARN] pipeline ok (PARTIAL: 4/5 topics met min) buildId=build-1778733002819
[2026-05-14T04:33:21.415Z] [INFO] sending summary (117 bytes) via gateway → telegram:620906995 key=news:morning:94058a12587a54c7ca8989a5
[2026-05-14T04:33:31.852Z] [ERR] gateway send failed exit=1 stderr=
[2026-05-14T04:33:31.852Z] [ERR] send failed: gateway send failed
