[2026-05-12T04:30:01.793Z] [INFO] === scheduled-run start (skipSend=false) ===
[2026-05-12T04:30:01.810Z] [INFO] running C:\Users\Itzhak\.openclaw\workspace\news-dashboard\morning-run.js
[2026-05-12T04:33:18.208Z] [PIPE] {
[2026-05-12T04:33:18.208Z] [PIPE]   "status": "PARTIAL",
[2026-05-12T04:33:18.208Z] [PIPE]   "items": 38
[2026-05-12T04:33:18.209Z] [PIPE] }
[2026-05-12T04:33:18.209Z] [PIPE] {
[2026-05-12T04:33:18.209Z] [PIPE]   "status": "PARTIAL",
[2026-05-12T04:33:18.209Z] [PIPE]   "items": 38,
[2026-05-12T04:33:18.210Z] [PIPE]   "dailyFile": "2026-05-12.html"
[2026-05-12T04:33:18.210Z] [PIPE] }
[2026-05-12T04:33:18.210Z] [PIPE] {
[2026-05-12T04:33:18.211Z] [PIPE]   "ok": true,
[2026-05-12T04:33:18.211Z] [PIPE]   "buildId": "build-1778560201947",
[2026-05-12T04:33:18.211Z] [PIPE]   "lastPublishedAt": "2026-05-12T04:30:01.947Z",
[2026-05-12T04:33:18.211Z] [PIPE]   "tech2WithMedia": 21,
[2026-05-12T04:33:18.211Z] [PIPE]   "itemCount": 38
[2026-05-12T04:33:18.211Z] [PIPE] }
[2026-05-12T04:33:18.212Z] [PIPE] [main 887f5d9] Publish news dashboard build-1778560201947
[2026-05-12T04:33:18.212Z] [PIPE]  102 files changed, 4459 insertions(+), 4515 deletions(-)
[2026-05-12T04:33:18.212Z] [PIPE]  create mode 100644 news-dashboard/live-site/2026-05-12.html
[2026-05-12T04:33:18.212Z] [PIPE]  delete mode 100644 news-dashboard/live-site/archive/2026-05-05.html
[2026-05-12T04:33:18.212Z] [PIPE]  create mode 100644 news-dashboard/live-site/archive/2026-05-12.html
[2026-05-12T04:33:18.212Z] [PIPE]  delete mode 100644 news-dashboard/live-site/assets/media/2026-05-05-crypto-coindesk-1.jpg
[2026-05-12T04:33:18.212Z] [PIPE]  delete mode 100644 news-dashboard/live-site/assets/media/2026-05-05-crypto-decrypt-2.png
[2026-05-12T04:33:18.212Z] [PIPE]  delete mode 100644 news-dashboard/live-site/assets/media/2026-05-05-crypto-decrypt-3.png
[2026-05-12T04:33:18.212Z] [PIPE]  delete mode 100644 news-dashboard/live-site/assets/media/2026-05-05-crypto-decrypt-5.png
[2026-05-12T04:33:18.213Z] [PIPE]  delete mode 100644 news-dashboard/live-site/assets/media/2026-05-05-hapoel-sport-5-1.jpg
[2026-05-12T04:33:18.213Z] [PIPE]  delete mode 100644 news-dashboard/live-site/assets/media/2026-05-05-hapoel-ynet-sport-israel-soccer-2.jpg
[2026-05-12T04:33:18.213Z] [PIPE]  delete mode 100644 news-dashboard/live-site/assets/media/2026-05-05-hapoel-ynet-sport-israel-soccer-3.jpg
[2026-05-12T04:33:18.213Z] [PIPE]  delete mode 100644 news-dashboard/live-site/assets/media/2026-05-05-hapoel-ynet-sport-israel-soccer-4.jpg
[2026-05-12T04:33:18.213Z] [PIPE]  delete mode 100644 news-dashboard/live-site/assets/media/2026-05-05-israel-israel-hayom-news-5.jpg
[2026-05-12T04:33:18.213Z] [PIPE]  delete mode 100644 news-dashboard/live-site/assets/media/2026-05-05-israel-kan-news-4.jpg
[2026-05-12T04:33:18.213Z] [PIPE]  delete mode 100644 news-dashboard/live-site/assets/media/2026-05-05-israel-ynet-news-2.jpg
[2026-05-12T04:33:18.213Z] [PIPE]  delete mode 100644 news-dashboard/live-site/assets/media/2026-05-05-israel-ynet-news-3.jpg
[2026-05-12T04:33:18.214Z] [PIPE]  delete mode 100644 news-dashboard/live-site/assets/media/2026-05-05-technology-wired-1.jpg
[2026-05-12T04:33:18.214Z] [PIPE]  delete mode 100644 news-dashboard/live-site/assets/media/2026-05-05-technology-wired-2.jpg
[2026-05-12T04:33:18.214Z] [PIPE]  delete mode 100644 news-dashboard/live-site/assets/media/2026-05-05-technology-wired-3.jpg
[2026-05-12T04:33:18.214Z] [PIPE]  delete mode 100644 news-dashboard/live-site/assets/media/2026-05-05-technology2-ai_tg_il-telegram-1.jpg
[2026-05-12T04:33:18.214Z] [PIPE]  delete mode 100644 news-dashboard/live-site/assets/media/2026-05-05-technology2-ai_tg_il-telegram-14.jpg
[2026-05-12T04:33:18.214Z] [PIPE]  delete mode 100644 news-dashboard/live-site/assets/media/2026-05-05-technology2-ai_tg_il-telegram-15.jpg
[2026-05-12T04:33:18.215Z] [PIPE]  delete mode 100644 news-dashboard/live-site/assets/media/2026-05-05-technology2-ai_tg_il-telegram-16.jpg
[2026-05-12T04:33:18.215Z] [PIPE]  delete mode 100644 news-dashboard/live-site/assets/media/2026-05-05-technology2-ai_tg_il-telegram-17.jpg
[2026-05-12T04:33:18.215Z] [PIPE]  delete mode 100644 news-dashboard/live-site/assets/media/2026-05-05-technology2-ai_tg_il-telegram-2.jpg
[2026-05-12T04:33:18.215Z] [PIPE]  delete mode 100644 news-dashboard/live-site/assets/media/2026-05-05-technology2-botai14-telegram-18.jpg
[2026-05-12T04:33:18.215Z] [PIPE]  delete mode 100644 news-dashboard/live-site/assets/media/2026-05-05-technology2-botai14-telegram-19.jpg
[2026-05-12T04:33:18.215Z] [PIPE]  delete mode 100644 news-dashboard/live-site/assets/media/2026-05-05-technology2-botai14-telegram-20.jpg
[2026-05-12T04:33:18.215Z] [PIPE]  delete mode 100644 news-dashboard/live-site/assets/media/2026-05-05-technology2-botai14-telegram-21.jpg
[2026-05-12T04:33:18.216Z] [PIPE]  delete mode 100644 news-dashboard/live-site/assets/media/2026-05-05-technology2-botai14-telegram-6.jpg
[2026-05-12T04:33:18.216Z] [PIPE]  delete mode 100644 news-dashboard/live-site/assets/media/2026-05-05-technology2-hackit770-telegram-7.jpg
[2026-05-12T04:33:18.216Z] [PIPE]  delete mode 100644 news-dashboard/live-site/assets/media/2026-05-05-technology2-hackit770-telegram-9.jpg
[2026-05-12T04:33:18.216Z] [PIPE]  delete mode 100644 news-dashboard/live-site/assets/media/2026-05-05-technology2-technewsheb-telegram-11.jpg
[2026-05-12T04:33:18.216Z] [PIPE]  delete mode 100644 news-dashboard/live-site/assets/media/2026-05-05-technology2-technewsheb-telegram-12.jpg
[2026-05-12T04:33:18.216Z] [PIPE]  delete mode 100644 news-dashboard/live-site/assets/media/2026-05-05-technology2-technewsheb-telegram-13.jpg
[2026-05-12T04:33:18.217Z] [PIPE]  delete mode 100644 news-dashboard/live-site/assets/media/2026-05-05-technology2-technewsheb-telegram-3.jpg
[2026-05-12T04:33:18.217Z] [PIPE]  delete mode 100644 news-dashboard/live-site/assets/media/2026-05-05-technology2-technewsheb-telegram-4.jpg
[2026-05-12T04:33:18.217Z] [PIPE]  delete mode 100644 news-dashboard/live-site/assets/media/2026-05-05-technology2-technewsheb-telegram-5.jpg
[2026-05-12T04:33:18.217Z] [PIPE]  create mode 100644 news-dashboard/live-site/assets/media/2026-05-12-crypto-coindesk-bitcoin-1.jpg
[2026-05-12T04:33:18.217Z] [PIPE]  create mode 100644 news-dashboard/live-site/assets/media/2026-05-12-crypto-decrypt-2.png
[2026-05-12T04:33:18.217Z] [PIPE]  create mode 100644 news-dashboard/live-site/assets/media/2026-05-12-crypto-decrypt-3.png
[2026-05-12T04:33:18.217Z] [PIPE]  create mode 100644 news-dashboard/live-site/assets/media/2026-05-12-crypto-decrypt-4.jpg
[2026-05-12T04:33:18.217Z] [PIPE]  rename news-dashboard/live-site/assets/media/{2026-05-05-crypto-decrypt-4.jpg => 2026-05-12-crypto-decrypt-5.jpg} (100%)
[2026-05-12T04:33:18.218Z] [PIPE]  create mode 100644 news-dashboard/live-site/assets/media/2026-05-12-hapoel-walla-sport-3.webp
[2026-05-12T04:33:18.218Z] [PIPE]  create mode 100644 news-dashboard/live-site/assets/media/2026-05-12-hapoel-ynet-sport-israel-soccer-1.jpg
[2026-05-12T04:33:18.218Z] [PIPE]  create mode 100644 news-dashboard/live-site/assets/media/2026-05-12-hapoel-ynet-sport-israel-soccer-2.jpg
[2026-05-12T04:33:18.218Z] [PIPE]  create mode 100644 news-dashboard/live-site/assets/media/2026-05-12-israel-israel-hayom-news-1.jpg
[2026-05-12T04:33:18.218Z] [PIPE]  create mode 100644 news-dashboard/live-site/assets/media/2026-05-12-israel-israel-hayom-news-2.jpg
[2026-05-12T04:33:18.218Z] [PIPE]  create mode 100644 news-dashboard/live-site/assets/media/2026-05-12-israel-israel-hayom-news-3.jpg
[2026-05-12T04:33:18.218Z] [PIPE]  create mode 100644 news-dashboard/live-site/assets/media/2026-05-12-israel-israel-hayom-news-4.jpg
[2026-05-12T04:33:18.218Z] [PIPE]  create mode 100644 news-dashboard/live-site/assets/media/2026-05-12-israel-israel-hayom-news-5.jpg
[2026-05-12T04:33:18.219Z] [PIPE]  rename news-dashboard/live-site/assets/media/{2026-05-05-technology-calcalist-tech-4.jpg => 2026-05-12-technology-calcalist-tech-3.jpg} (100%)
[2026-05-12T04:33:18.219Z] [PIPE]  create mode 100644 news-dashboard/live-site/assets/media/2026-05-12-technology-wired-1.jpg
[2026-05-12T04:33:18.219Z] [PIPE]  create mode 100644 news-dashboard/live-site/assets/media/2026-05-12-technology-wired-2.jpg
[2026-05-12T04:33:18.219Z] [PIPE]  create mode 100644 news-dashboard/live-site/assets/media/2026-05-12-technology-wired-4.jpg
[2026-05-12T04:33:18.219Z] [PIPE]  create mode 100644 news-dashboard/live-site/assets/media/2026-05-12-technology2-ai_tg_il-telegram-16.jpg
[2026-05-12T04:33:18.219Z] [PIPE]  create mode 100644 news-dashboard/live-site/assets/media/2026-05-12-technology2-ai_tg_il-telegram-17.jpg
[2026-05-12T04:33:18.219Z] [PIPE]  create mode 100644 news-dashboard/live-site/assets/media/2026-05-12-technology2-ai_tg_il-telegram-18.jpg
[2026-05-12T04:33:18.219Z] [PIPE]  create mode 100644 news-dashboard/live-site/assets/media/2026-05-12-technology2-ai_tg_il-telegram-19.jpg
[2026-05-12T04:33:18.220Z] [PIPE]  create mode 100644 news-dashboard/live-site/assets/media/2026-05-12-technology2-ai_tg_il-telegram-3.jpg
[2026-05-12T04:33:18.220Z] [PIPE]  create mode 100644 news-dashboard/live-site/assets/media/2026-05-12-technology2-ai_tg_il-telegram-4.jpg
[2026-05-12T04:33:18.220Z] [PIPE]  create mode 100644 news-dashboard/live-site/assets/media/2026-05-12-technology2-botai14-telegram-15.jpg
[2026-05-12T04:33:18.220Z] [PIPE]  create mode 100644 news-dashboard/live-site/assets/media/2026-05-12-technology2-botai14-telegram-20.jpg
[2026-05-12T04:33:18.220Z] [PIPE]  create mode 100644 news-dashboard/live-site/assets/media/2026-05-12-technology2-botai14-telegram-5.jpg
[2026-05-12T04:33:18.220Z] [PIPE]  rename news-dashboard/live-site/assets/media/{2026-05-05-technology2-botai14-telegram-8.jpg => 2026-05-12-technology2-botai14-telegram-8.jpg} (100%)
[2026-05-12T04:33:18.220Z] [PIPE]  rename news-dashboard/live-site/assets/media/{2026-05-05-technology2-hackit770-telegram-24.jpg => 2026-05-12-technology2-hackit770-telegram-12.jpg} (100%)
[2026-05-12T04:33:18.221Z] [PIPE]  rename news-dashboard/live-site/assets/media/{2026-05-05-technology2-hackit770-telegram-10.jpg => 2026-05-12-technology2-hackit770-telegram-13.jpg} (100%)
[2026-05-12T04:33:18.221Z] [PIPE]  create mode 100644 news-dashboard/live-site/assets/media/2026-05-12-technology2-hackit770-telegram-14.jpg
[2026-05-12T04:33:18.221Z] [PIPE]  create mode 100644 news-dashboard/live-site/assets/media/2026-05-12-technology2-hackit770-telegram-21.jpg
[2026-05-12T04:33:18.221Z] [PIPE]  rename news-dashboard/live-site/assets/media/{2026-05-05-technology2-hackit770-telegram-22.jpg => 2026-05-12-technology2-hackit770-telegram-6.jpg} (100%)
[2026-05-12T04:33:18.221Z] [PIPE]  rename news-dashboard/live-site/assets/media/{2026-05-05-technology2-hackit770-telegram-23.jpg => 2026-05-12-technology2-hackit770-telegram-7.jpg} (100%)
[2026-05-12T04:33:18.221Z] [PIPE]  create mode 100644 news-dashboard/live-site/assets/media/2026-05-12-technology2-technewsheb-telegram-1.jpg
[2026-05-12T04:33:18.221Z] [PIPE]  create mode 100644 news-dashboard/live-site/assets/media/2026-05-12-technology2-technewsheb-telegram-10.jpg
[2026-05-12T04:33:18.221Z] [PIPE]  create mode 100644 news-dashboard/live-site/assets/media/2026-05-12-technology2-technewsheb-telegram-11.jpg
[2026-05-12T04:33:18.221Z] [PIPE]  create mode 100644 news-dashboard/live-site/assets/media/2026-05-12-technology2-technewsheb-telegram-2.jpg
[2026-05-12T04:33:18.221Z] [PIPE]  create mode 100644 news-dashboard/live-site/assets/media/2026-05-12-technology2-technewsheb-telegram-9.jpg
[2026-05-12T04:33:18.222Z] [PIPE]  create mode 100644 news-dashboard/scheduled-logs/2026-05-12.log
[2026-05-12T04:33:18.222Z] [PIPE] {
[2026-05-12T04:33:18.222Z] [PIPE]   "ok": true,
[2026-05-12T04:33:18.222Z] [PIPE]   "buildId": "build-1778560201947",
[2026-05-12T04:33:18.222Z] [PIPE]   "commit": "887f5d90bd91080429da99f47edbfeb22f0f2e16",
[2026-05-12T04:33:18.222Z] [PIPE]   "datedUrl": "https://eladtz2025.github.io/OpenCLawClawy/news-dashboard/live-site/2026-05-12.html?v=build-1778560201947"
[2026-05-12T04:33:18.222Z] [PIPE] }{
[2026-05-12T04:33:18.222Z] [PIPE]   "ok": true,
[2026-05-12T04:33:18.222Z] [PIPE]   "publicUrl": "https://eladtz2025.github.io/OpenCLawClawy/news-dashboard/live-site/latest.html?v=build-1778560201947",
[2026-05-12T04:33:18.222Z] [PIPE]   "resolvedUrl": "https://eladtz2025.github.io/OpenCLawClawy/news-dashboard/live-site/2026-05-12.html?v=build-1778560201947",
[2026-05-12T04:33:18.223Z] [PIPE]   "buildId": "build-1778560201947"
[2026-05-12T04:33:18.223Z] [PIPE] }{
[2026-05-12T04:33:18.223Z] [PIPE]   "ok": true,
[2026-05-12T04:33:18.223Z] [PIPE]   "checked": 12,
[2026-05-12T04:33:18.223Z] [PIPE]   "totalMediaRefs": 38,
[2026-05-12T04:33:18.223Z] [PIPE]   "attempts": 1
[2026-05-12T04:33:18.223Z] [PIPE] }Dashboard pipeline status: SUCCESS
[2026-05-12T04:33:18.223Z] [PIPE-ERR] To https://github.com/Eladtz2025/OpenCLawClawy.git
[2026-05-12T04:33:18.224Z] [PIPE-ERR]    740c942..887f5d9  HEAD -> main
[2026-05-12T04:33:18.224Z] [WARN] pipeline ok (PARTIAL: 4/5 topics met min) buildId=build-1778560201947
[2026-05-12T04:33:18.227Z] [INFO] sending summary (117 bytes) via gateway → telegram:620906995 key=news:morning:7540ce65e88ecfff8d6b4489
[2026-05-12T04:33:31.760Z] [ERR] gateway send failed exit=1 stderr=
[2026-05-12T04:33:31.760Z] [ERR] send failed: gateway send failed
