[2026-05-24T04:30:02.199Z] [INFO] === scheduled-run start (skipSend=false) ===
[2026-05-24T04:30:02.211Z] [INFO] running C:\Users\Itzhak\.openclaw\workspace\news-dashboard\morning-run.js
[2026-05-24T04:33:14.337Z] [PIPE] {
[2026-05-24T04:33:14.337Z] [PIPE]   "status": "SUCCESS",
[2026-05-24T04:33:14.337Z] [PIPE]   "items": 40
[2026-05-24T04:33:14.337Z] [PIPE] }
[2026-05-24T04:33:14.338Z] [PIPE] {
[2026-05-24T04:33:14.338Z] [PIPE]   "status": "SUCCESS",
[2026-05-24T04:33:14.338Z] [PIPE]   "items": 40,
[2026-05-24T04:33:14.338Z] [PIPE]   "dailyFile": "2026-05-24.html"
[2026-05-24T04:33:14.338Z] [PIPE] }
[2026-05-24T04:33:14.344Z] [PIPE] {
[2026-05-24T04:33:14.344Z] [PIPE]   "ok": true,
[2026-05-24T04:33:14.344Z] [PIPE]   "buildId": "build-1779597002385",
[2026-05-24T04:33:14.344Z] [PIPE]   "lastPublishedAt": "2026-05-24T04:30:02.385Z",
[2026-05-24T04:33:14.345Z] [PIPE]   "tech2WithMedia": 22,
[2026-05-24T04:33:14.345Z] [PIPE]   "itemCount": 40
[2026-05-24T04:33:14.345Z] [PIPE] }
[2026-05-24T04:33:14.345Z] [PIPE] [main 2451bd2] Publish news dashboard build-1779597002385
[2026-05-24T04:33:14.345Z] [PIPE]  107 files changed, 4959 insertions(+), 4356 deletions(-)
[2026-05-24T04:33:14.345Z] [PIPE]  create mode 100644 news-dashboard/live-site/2026-05-24.html
[2026-05-24T04:33:14.345Z] [PIPE]  delete mode 100644 news-dashboard/live-site/archive/2026-05-16.html
[2026-05-24T04:33:14.345Z] [PIPE]  create mode 100644 news-dashboard/live-site/archive/2026-05-24.html
[2026-05-24T04:33:14.345Z] [PIPE]  delete mode 100644 news-dashboard/live-site/assets/media/2026-05-16-crypto-decrypt-1.png
[2026-05-24T04:33:14.345Z] [PIPE]  delete mode 100644 news-dashboard/live-site/assets/media/2026-05-16-crypto-decrypt-2.png
[2026-05-24T04:33:14.345Z] [PIPE]  delete mode 100644 news-dashboard/live-site/assets/media/2026-05-16-crypto-decrypt-3.jpg
[2026-05-24T04:33:14.346Z] [PIPE]  delete mode 100644 news-dashboard/live-site/assets/media/2026-05-16-crypto-decrypt-5.png
[2026-05-24T04:33:14.346Z] [PIPE]  delete mode 100644 news-dashboard/live-site/assets/media/2026-05-16-hapoel-walla-sport-3.webp
[2026-05-24T04:33:14.346Z] [PIPE]  delete mode 100644 news-dashboard/live-site/assets/media/2026-05-16-hapoel-ynet-sport-israel-soccer-1.jpg
[2026-05-24T04:33:14.346Z] [PIPE]  delete mode 100644 news-dashboard/live-site/assets/media/2026-05-16-hapoel-ynet-sport-israel-soccer-2.jpg
[2026-05-24T04:33:14.346Z] [PIPE]  delete mode 100644 news-dashboard/live-site/assets/media/2026-05-16-israel-israel-hayom-news-1.jpg
[2026-05-24T04:33:14.346Z] [PIPE]  delete mode 100644 news-dashboard/live-site/assets/media/2026-05-16-israel-israel-hayom-news-2.jpg
[2026-05-24T04:33:14.346Z] [PIPE]  delete mode 100644 news-dashboard/live-site/assets/media/2026-05-16-israel-israel-hayom-news-3.jpg
[2026-05-24T04:33:14.346Z] [PIPE]  delete mode 100644 news-dashboard/live-site/assets/media/2026-05-16-israel-israel-hayom-news-4.jpg
[2026-05-24T04:33:14.346Z] [PIPE]  delete mode 100644 news-dashboard/live-site/assets/media/2026-05-16-israel-israel-hayom-news-5.jpg
[2026-05-24T04:33:14.346Z] [PIPE]  delete mode 100644 news-dashboard/live-site/assets/media/2026-05-16-technology-calcalist-tech-4.jpg
[2026-05-24T04:33:14.347Z] [PIPE]  delete mode 100644 news-dashboard/live-site/assets/media/2026-05-16-technology-wired-1.jpg
[2026-05-24T04:33:14.347Z] [PIPE]  delete mode 100644 news-dashboard/live-site/assets/media/2026-05-16-technology-wired-2.jpg
[2026-05-24T04:33:14.347Z] [PIPE]  delete mode 100644 news-dashboard/live-site/assets/media/2026-05-16-technology-wired-3.jpg
[2026-05-24T04:33:14.347Z] [PIPE]  delete mode 100644 news-dashboard/live-site/assets/media/2026-05-16-technology2-ai_tg_il-telegram-1.jpg
[2026-05-24T04:33:14.347Z] [PIPE]  delete mode 100644 news-dashboard/live-site/assets/media/2026-05-16-technology2-ai_tg_il-telegram-14.jpg
[2026-05-24T04:33:14.347Z] [PIPE]  delete mode 100644 news-dashboard/live-site/assets/media/2026-05-16-technology2-ai_tg_il-telegram-15.jpg
[2026-05-24T04:33:14.347Z] [PIPE]  delete mode 100644 news-dashboard/live-site/assets/media/2026-05-16-technology2-ai_tg_il-telegram-16.jpg
[2026-05-24T04:33:14.347Z] [PIPE]  delete mode 100644 news-dashboard/live-site/assets/media/2026-05-16-technology2-ai_tg_il-telegram-17.jpg
[2026-05-24T04:33:14.347Z] [PIPE]  delete mode 100644 news-dashboard/live-site/assets/media/2026-05-16-technology2-ai_tg_il-telegram-8.jpg
[2026-05-24T04:33:14.348Z] [PIPE]  delete mode 100644 news-dashboard/live-site/assets/media/2026-05-16-technology2-botai14-telegram-13.jpg
[2026-05-24T04:33:14.348Z] [PIPE]  delete mode 100644 news-dashboard/live-site/assets/media/2026-05-16-technology2-botai14-telegram-18.jpg
[2026-05-24T04:33:14.348Z] [PIPE]  delete mode 100644 news-dashboard/live-site/assets/media/2026-05-16-technology2-botai14-telegram-4.jpg
[2026-05-24T04:33:14.348Z] [PIPE]  delete mode 100644 news-dashboard/live-site/assets/media/2026-05-16-technology2-botai14-telegram-6.jpg
[2026-05-24T04:33:14.348Z] [PIPE]  delete mode 100644 news-dashboard/live-site/assets/media/2026-05-16-technology2-hackit770-telegram-12.jpg
[2026-05-24T04:33:14.348Z] [PIPE]  delete mode 100644 news-dashboard/live-site/assets/media/2026-05-16-technology2-hackit770-telegram-19.jpg
[2026-05-24T04:33:14.348Z] [PIPE]  delete mode 100644 news-dashboard/live-site/assets/media/2026-05-16-technology2-hackit770-telegram-21.jpg
[2026-05-24T04:33:14.348Z] [PIPE]  delete mode 100644 news-dashboard/live-site/assets/media/2026-05-16-technology2-hackit770-telegram-5.jpg
[2026-05-24T04:33:14.348Z] [PIPE]  delete mode 100644 news-dashboard/live-site/assets/media/2026-05-16-technology2-hackit770-telegram-7.jpg
[2026-05-24T04:33:14.348Z] [PIPE]  delete mode 100644 news-dashboard/live-site/assets/media/2026-05-16-technology2-technewsheb-telegram-10.jpg
[2026-05-24T04:33:14.349Z] [PIPE]  delete mode 100644 news-dashboard/live-site/assets/media/2026-05-16-technology2-technewsheb-telegram-11.jpg
[2026-05-24T04:33:14.349Z] [PIPE]  delete mode 100644 news-dashboard/live-site/assets/media/2026-05-16-technology2-technewsheb-telegram-2.jpg
[2026-05-24T04:33:14.349Z] [PIPE]  delete mode 100644 news-dashboard/live-site/assets/media/2026-05-16-technology2-technewsheb-telegram-22.jpg
[2026-05-24T04:33:14.349Z] [PIPE]  delete mode 100644 news-dashboard/live-site/assets/media/2026-05-16-technology2-technewsheb-telegram-3.jpg
[2026-05-24T04:33:14.349Z] [PIPE]  delete mode 100644 news-dashboard/live-site/assets/media/2026-05-16-technology2-technewsheb-telegram-9.jpg
[2026-05-24T04:33:14.349Z] [PIPE]  create mode 100644 news-dashboard/live-site/assets/media/2026-05-24-crypto-coindesk-ethereum-3.jpg
[2026-05-24T04:33:14.349Z] [PIPE]  create mode 100644 news-dashboard/live-site/assets/media/2026-05-24-crypto-coindesk-xrp-4.jpg
[2026-05-24T04:33:14.349Z] [PIPE]  create mode 100644 news-dashboard/live-site/assets/media/2026-05-24-crypto-decrypt-1.jpg
[2026-05-24T04:33:14.349Z] [PIPE]  rename news-dashboard/live-site/assets/media/{2026-05-16-crypto-decrypt-4.jpg => 2026-05-24-crypto-decrypt-2.jpg} (100%)
[2026-05-24T04:33:14.349Z] [PIPE]  create mode 100644 news-dashboard/live-site/assets/media/2026-05-24-crypto-decrypt-5.jpg
[2026-05-24T04:33:14.349Z] [PIPE]  create mode 100644 news-dashboard/live-site/assets/media/2026-05-24-hapoel-hapoel-pt-news-3.jpg
[2026-05-24T04:33:14.350Z] [PIPE]  create mode 100644 news-dashboard/live-site/assets/media/2026-05-24-hapoel-sport-5-2.jpg
[2026-05-24T04:33:14.350Z] [PIPE]  create mode 100644 news-dashboard/live-site/assets/media/2026-05-24-hapoel-ynet-sport-israel-soccer-1.jpg
[2026-05-24T04:33:14.350Z] [PIPE]  create mode 100644 news-dashboard/live-site/assets/media/2026-05-24-israel-israel-hayom-news-3.jpg
[2026-05-24T04:33:14.350Z] [PIPE]  create mode 100644 news-dashboard/live-site/assets/media/2026-05-24-israel-israel-hayom-news-4.jpg
[2026-05-24T04:33:14.350Z] [PIPE]  create mode 100644 news-dashboard/live-site/assets/media/2026-05-24-israel-ynet-news-1.jpg
[2026-05-24T04:33:14.350Z] [PIPE]  create mode 100644 news-dashboard/live-site/assets/media/2026-05-24-israel-ynet-news-2.jpg
[2026-05-24T04:33:14.350Z] [PIPE]  create mode 100644 news-dashboard/live-site/assets/media/2026-05-24-israel-ynet-news-5.jpg
[2026-05-24T04:33:14.350Z] [PIPE]  create mode 100644 news-dashboard/live-site/assets/media/2026-05-24-technology-calcalist-tech-4.jpg
[2026-05-24T04:33:14.351Z] [PIPE]  create mode 100644 news-dashboard/live-site/assets/media/2026-05-24-technology-calcalist-tech-5.jpg
[2026-05-24T04:33:14.351Z] [PIPE]  create mode 100644 news-dashboard/live-site/assets/media/2026-05-24-technology-wired-1.jpg
[2026-05-24T04:33:14.351Z] [PIPE]  create mode 100644 news-dashboard/live-site/assets/media/2026-05-24-technology-wired-2.jpg
[2026-05-24T04:33:14.351Z] [PIPE]  create mode 100644 news-dashboard/live-site/assets/media/2026-05-24-technology-wired-3.jpg
[2026-05-24T04:33:14.351Z] [PIPE]  create mode 100644 news-dashboard/live-site/assets/media/2026-05-24-technology2-ai_tg_il-telegram-10.jpg
[2026-05-24T04:33:14.351Z] [PIPE]  create mode 100644 news-dashboard/live-site/assets/media/2026-05-24-technology2-ai_tg_il-telegram-11.jpg
[2026-05-24T04:33:14.351Z] [PIPE]  create mode 100644 news-dashboard/live-site/assets/media/2026-05-24-technology2-ai_tg_il-telegram-12.jpg
[2026-05-24T04:33:14.351Z] [PIPE]  create mode 100644 news-dashboard/live-site/assets/media/2026-05-24-technology2-ai_tg_il-telegram-16.jpg
[2026-05-24T04:33:14.351Z] [PIPE]  create mode 100644 news-dashboard/live-site/assets/media/2026-05-24-technology2-ai_tg_il-telegram-4.jpg
[2026-05-24T04:33:14.352Z] [PIPE]  create mode 100644 news-dashboard/live-site/assets/media/2026-05-24-technology2-ai_tg_il-telegram-5.jpg
[2026-05-24T04:33:14.352Z] [PIPE]  create mode 100644 news-dashboard/live-site/assets/media/2026-05-24-technology2-botai14-telegram-17.jpg
[2026-05-24T04:33:14.352Z] [PIPE]  create mode 100644 news-dashboard/live-site/assets/media/2026-05-24-technology2-botai14-telegram-2.jpg
[2026-05-24T04:33:14.352Z] [PIPE]  create mode 100644 news-dashboard/live-site/assets/media/2026-05-24-technology2-botai14-telegram-20.jpg
[2026-05-24T04:33:14.352Z] [PIPE]  create mode 100644 news-dashboard/live-site/assets/media/2026-05-24-technology2-botai14-telegram-6.jpg
[2026-05-24T04:33:14.352Z] [PIPE]  create mode 100644 news-dashboard/live-site/assets/media/2026-05-24-technology2-hackit770-telegram-18.jpg
[2026-05-24T04:33:14.352Z] [PIPE]  create mode 100644 news-dashboard/live-site/assets/media/2026-05-24-technology2-hackit770-telegram-19.jpg
[2026-05-24T04:33:14.352Z] [PIPE]  create mode 100644 news-dashboard/live-site/assets/media/2026-05-24-technology2-hackit770-telegram-21.jpg
[2026-05-24T04:33:14.352Z] [PIPE]  create mode 100644 news-dashboard/live-site/assets/media/2026-05-24-technology2-hackit770-telegram-22.jpg
[2026-05-24T04:33:14.352Z] [PIPE]  rename news-dashboard/live-site/assets/media/{2026-05-16-technology2-hackit770-telegram-20.jpg => 2026-05-24-technology2-hackit770-telegram-7.jpg} (100%)
[2026-05-24T04:33:14.353Z] [PIPE]  create mode 100644 news-dashboard/live-site/assets/media/2026-05-24-technology2-hackit770-telegram-8.jpg
[2026-05-24T04:33:14.353Z] [PIPE]  create mode 100644 news-dashboard/live-site/assets/media/2026-05-24-technology2-technewsheb-telegram-1.jpg
[2026-05-24T04:33:14.353Z] [PIPE]  create mode 100644 news-dashboard/live-site/assets/media/2026-05-24-technology2-technewsheb-telegram-13.jpg
[2026-05-24T04:33:14.353Z] [PIPE]  create mode 100644 news-dashboard/live-site/assets/media/2026-05-24-technology2-technewsheb-telegram-14.jpg
[2026-05-24T04:33:14.353Z] [PIPE]  create mode 100644 news-dashboard/live-site/assets/media/2026-05-24-technology2-technewsheb-telegram-15.jpg
[2026-05-24T04:33:14.353Z] [PIPE]  create mode 100644 news-dashboard/live-site/assets/media/2026-05-24-technology2-technewsheb-telegram-3.jpg
[2026-05-24T04:33:14.353Z] [PIPE]  create mode 100644 news-dashboard/live-site/assets/media/2026-05-24-technology2-technewsheb-telegram-9.jpg
[2026-05-24T04:33:14.353Z] [PIPE]  create mode 100644 news-dashboard/scheduled-logs/2026-05-24.log
[2026-05-24T04:33:14.353Z] [PIPE] {
[2026-05-24T04:33:14.353Z] [PIPE]   "ok": true,
[2026-05-24T04:33:14.353Z] [PIPE]   "buildId": "build-1779597002385",
[2026-05-24T04:33:14.354Z] [PIPE]   "commit": "2451bd25c75c5bdf78b2f0b1b4f28780ba892d8a",
[2026-05-24T04:33:14.354Z] [PIPE]   "datedUrl": "https://eladtz2025.github.io/OpenCLawClawy/news-dashboard/live-site/2026-05-24.html?v=build-1779597002385"
[2026-05-24T04:33:14.354Z] [PIPE] }{
[2026-05-24T04:33:14.354Z] [PIPE]   "ok": true,
[2026-05-24T04:33:14.354Z] [PIPE]   "publicUrl": "https://eladtz2025.github.io/OpenCLawClawy/news-dashboard/live-site/latest.html?v=build-1779597002385",
[2026-05-24T04:33:14.354Z] [PIPE]   "resolvedUrl": "https://eladtz2025.github.io/OpenCLawClawy/news-dashboard/live-site/2026-05-24.html?v=build-1779597002385",
[2026-05-24T04:33:14.354Z] [PIPE]   "buildId": "build-1779597002385"
[2026-05-24T04:33:14.354Z] [PIPE] }{
[2026-05-24T04:33:14.354Z] [PIPE]   "ok": true,
[2026-05-24T04:33:14.354Z] [PIPE]   "checked": 12,
[2026-05-24T04:33:14.354Z] [PIPE]   "totalMediaRefs": 40,
[2026-05-24T04:33:14.355Z] [PIPE]   "attempts": 1
[2026-05-24T04:33:14.355Z] [PIPE] }Dashboard pipeline status: SUCCESS
[2026-05-24T04:33:14.355Z] [PIPE-ERR] To https://github.com/Eladtz2025/OpenCLawClawy.git
[2026-05-24T04:33:14.355Z] [PIPE-ERR]    2561d80..2451bd2  HEAD -> main
[2026-05-24T04:33:14.356Z] [INFO] pipeline ok, buildId=build-1779597002385
[2026-05-24T04:33:14.364Z] [INFO] sending summary (117 bytes) via gateway → telegram:620906995 key=news:morning:f70e1ca1892987fd8e78c6fe
[2026-05-24T04:33:23.436Z] [ERR] gateway send failed exit=1 stderr=
[2026-05-24T04:33:23.437Z] [ERR] send failed: gateway send failed
