[2026-05-06T04:30:02.315Z] [INFO] === scheduled-run start (skipSend=false) ===
[2026-05-06T04:30:02.352Z] [INFO] running C:\Users\Itzhak\.openclaw\workspace\news-dashboard\morning-run.js
[2026-05-06T04:34:12.750Z] [PIPE] {
[2026-05-06T04:34:12.751Z] [PIPE]   "status": "PARTIAL",
[2026-05-06T04:34:12.751Z] [PIPE]   "items": 40
[2026-05-06T04:34:12.751Z] [PIPE] }
[2026-05-06T04:34:12.752Z] [PIPE] {
[2026-05-06T04:34:12.752Z] [PIPE]   "status": "PARTIAL",
[2026-05-06T04:34:12.752Z] [PIPE]   "items": 40,
[2026-05-06T04:34:12.752Z] [PIPE]   "dailyFile": "2026-05-06.html"
[2026-05-06T04:34:12.753Z] [PIPE] }
[2026-05-06T04:34:12.781Z] [PIPE] {
[2026-05-06T04:34:12.781Z] [PIPE]   "ok": true,
[2026-05-06T04:34:12.782Z] [PIPE]   "buildId": "build-1778041802548",
[2026-05-06T04:34:12.782Z] [PIPE]   "lastPublishedAt": "2026-05-06T04:30:02.548Z",
[2026-05-06T04:34:12.782Z] [PIPE]   "tech2WithMedia": 22,
[2026-05-06T04:34:12.782Z] [PIPE]   "itemCount": 40
[2026-05-06T04:34:12.783Z] [PIPE] }
[2026-05-06T04:34:12.783Z] [PIPE] [main 40a5044] Publish news dashboard build-1778041802548
[2026-05-06T04:34:12.783Z] [PIPE]  103 files changed, 5326 insertions(+), 5143 deletions(-)
[2026-05-06T04:34:12.783Z] [PIPE]  create mode 100644 news-dashboard/live-site/2026-05-06.html
[2026-05-06T04:34:12.783Z] [PIPE]  delete mode 100644 news-dashboard/live-site/archive/2026-04-28.html
[2026-05-06T04:34:12.784Z] [PIPE]  create mode 100644 news-dashboard/live-site/archive/2026-05-06.html
[2026-05-06T04:34:12.784Z] [PIPE]  delete mode 100644 news-dashboard/live-site/assets/media/2026-04-28-crypto-decrypt-1.jpg
[2026-05-06T04:34:12.784Z] [PIPE]  delete mode 100644 news-dashboard/live-site/assets/media/2026-04-28-crypto-decrypt-4.jpg
[2026-05-06T04:34:12.784Z] [PIPE]  delete mode 100644 news-dashboard/live-site/assets/media/2026-04-28-crypto-decrypt-5.jpg
[2026-05-06T04:34:12.784Z] [PIPE]  delete mode 100644 news-dashboard/live-site/assets/media/2026-04-28-hapoel-sport-5-1.jpg
[2026-05-06T04:34:12.785Z] [PIPE]  delete mode 100644 news-dashboard/live-site/assets/media/2026-04-28-hapoel-ynet-sport-israel-soccer-2.jpg
[2026-05-06T04:34:12.785Z] [PIPE]  delete mode 100644 news-dashboard/live-site/assets/media/2026-04-28-hapoel-ynet-sport-israel-soccer-3.jpg
[2026-05-06T04:34:12.785Z] [PIPE]  delete mode 100644 news-dashboard/live-site/assets/media/2026-04-28-hapoel-ynet-sport-israel-soccer-4.jpg
[2026-05-06T04:34:12.785Z] [PIPE]  delete mode 100644 news-dashboard/live-site/assets/media/2026-04-28-hapoel-ynet-sport-israel-soccer-5.jpg
[2026-05-06T04:34:12.785Z] [PIPE]  delete mode 100644 news-dashboard/live-site/assets/media/2026-04-28-israel-israel-hayom-news-3.jpg
[2026-05-06T04:34:12.785Z] [PIPE]  delete mode 100644 news-dashboard/live-site/assets/media/2026-04-28-israel-israel-hayom-news-5.jpg
[2026-05-06T04:34:12.786Z] [PIPE]  delete mode 100644 news-dashboard/live-site/assets/media/2026-04-28-israel-kan-news-1.png
[2026-05-06T04:34:12.786Z] [PIPE]  delete mode 100644 news-dashboard/live-site/assets/media/2026-04-28-israel-kan-news-4.jpg
[2026-05-06T04:34:12.786Z] [PIPE]  delete mode 100644 news-dashboard/live-site/assets/media/2026-04-28-technology-calcalist-tech-2.jpg
[2026-05-06T04:34:12.786Z] [PIPE]  delete mode 100644 news-dashboard/live-site/assets/media/2026-04-28-technology-calcalist-tech-5.jpg
[2026-05-06T04:34:12.786Z] [PIPE]  delete mode 100644 news-dashboard/live-site/assets/media/2026-04-28-technology-wired-1.jpg
[2026-05-06T04:34:12.786Z] [PIPE]  delete mode 100644 news-dashboard/live-site/assets/media/2026-04-28-technology-wired-3.jpg
[2026-05-06T04:34:12.787Z] [PIPE]  delete mode 100644 news-dashboard/live-site/assets/media/2026-04-28-technology-wired-4.jpg
[2026-05-06T04:34:12.787Z] [PIPE]  delete mode 100644 news-dashboard/live-site/assets/media/2026-04-28-technology2-ai_tg_il-telegram-16.jpg
[2026-05-06T04:34:12.787Z] [PIPE]  delete mode 100644 news-dashboard/live-site/assets/media/2026-04-28-technology2-ai_tg_il-telegram-17.jpg
[2026-05-06T04:34:12.787Z] [PIPE]  delete mode 100644 news-dashboard/live-site/assets/media/2026-04-28-technology2-ai_tg_il-telegram-2.jpg
[2026-05-06T04:34:12.787Z] [PIPE]  delete mode 100644 news-dashboard/live-site/assets/media/2026-04-28-technology2-ai_tg_il-telegram-20.jpg
[2026-05-06T04:34:12.788Z] [PIPE]  delete mode 100644 news-dashboard/live-site/assets/media/2026-04-28-technology2-ai_tg_il-telegram-4.jpg
[2026-05-06T04:34:12.788Z] [PIPE]  delete mode 100644 news-dashboard/live-site/assets/media/2026-04-28-technology2-ai_tg_il-telegram-9.jpg
[2026-05-06T04:34:12.788Z] [PIPE]  delete mode 100644 news-dashboard/live-site/assets/media/2026-04-28-technology2-botai14-telegram-1.jpg
[2026-05-06T04:34:12.788Z] [PIPE]  delete mode 100644 news-dashboard/live-site/assets/media/2026-04-28-technology2-botai14-telegram-19.jpg
[2026-05-06T04:34:12.788Z] [PIPE]  delete mode 100644 news-dashboard/live-site/assets/media/2026-04-28-technology2-botai14-telegram-21.jpg
[2026-05-06T04:34:12.788Z] [PIPE]  delete mode 100644 news-dashboard/live-site/assets/media/2026-04-28-technology2-hackit770-telegram-18.jpg
[2026-05-06T04:34:12.789Z] [PIPE]  delete mode 100644 news-dashboard/live-site/assets/media/2026-04-28-technology2-hackit770-telegram-22.jpg
[2026-05-06T04:34:12.789Z] [PIPE]  delete mode 100644 news-dashboard/live-site/assets/media/2026-04-28-technology2-technewsheb-telegram-12.jpg
[2026-05-06T04:34:12.789Z] [PIPE]  delete mode 100644 news-dashboard/live-site/assets/media/2026-04-28-technology2-technewsheb-telegram-13.jpg
[2026-05-06T04:34:12.789Z] [PIPE]  delete mode 100644 news-dashboard/live-site/assets/media/2026-04-28-technology2-technewsheb-telegram-14.jpg
[2026-05-06T04:34:12.789Z] [PIPE]  delete mode 100644 news-dashboard/live-site/assets/media/2026-04-28-technology2-technewsheb-telegram-15.jpg
[2026-05-06T04:34:12.789Z] [PIPE]  delete mode 100644 news-dashboard/live-site/assets/media/2026-04-28-technology2-technewsheb-telegram-3.jpg
[2026-05-06T04:34:12.790Z] [PIPE]  delete mode 100644 news-dashboard/live-site/assets/media/2026-04-28-technology2-technewsheb-telegram-7.jpg
[2026-05-06T04:34:12.790Z] [PIPE]  create mode 100644 news-dashboard/live-site/assets/media/2026-05-06-crypto-coindesk-1.jpg
[2026-05-06T04:34:12.790Z] [PIPE]  create mode 100644 news-dashboard/live-site/assets/media/2026-05-06-crypto-coindesk-bitcoin-2.jpg
[2026-05-06T04:34:12.790Z] [PIPE]  create mode 100644 news-dashboard/live-site/assets/media/2026-05-06-crypto-decrypt-3.jpg
[2026-05-06T04:34:12.790Z] [PIPE]  rename news-dashboard/live-site/assets/media/{2026-04-28-crypto-decrypt-2.jpg => 2026-05-06-crypto-decrypt-4.jpg} (100%)
[2026-05-06T04:34:12.791Z] [PIPE]  rename news-dashboard/live-site/assets/media/{2026-04-28-crypto-decrypt-3.png => 2026-05-06-crypto-decrypt-5.png} (100%)
[2026-05-06T04:34:12.791Z] [PIPE]  create mode 100644 news-dashboard/live-site/assets/media/2026-05-06-hapoel-sport-5-1.jpg
[2026-05-06T04:34:12.791Z] [PIPE]  create mode 100644 news-dashboard/live-site/assets/media/2026-05-06-hapoel-ynet-sport-israel-soccer-2.jpg
[2026-05-06T04:34:12.791Z] [PIPE]  create mode 100644 news-dashboard/live-site/assets/media/2026-05-06-hapoel-ynet-sport-israel-soccer-3.jpg
[2026-05-06T04:34:12.791Z] [PIPE]  create mode 100644 news-dashboard/live-site/assets/media/2026-05-06-hapoel-ynet-sport-israel-soccer-4.jpg
[2026-05-06T04:34:12.791Z] [PIPE]  create mode 100644 news-dashboard/live-site/assets/media/2026-05-06-israel-israel-hayom-news-1.jpg
[2026-05-06T04:34:12.792Z] [PIPE]  create mode 100644 news-dashboard/live-site/assets/media/2026-05-06-israel-israel-hayom-news-3.jpg
[2026-05-06T04:34:12.792Z] [PIPE]  create mode 100644 news-dashboard/live-site/assets/media/2026-05-06-israel-israel-hayom-news-5.jpg
[2026-05-06T04:34:12.792Z] [PIPE]  create mode 100644 news-dashboard/live-site/assets/media/2026-05-06-israel-kan-news-4.jpg
[2026-05-06T04:34:12.792Z] [PIPE]  create mode 100644 news-dashboard/live-site/assets/media/2026-05-06-technology-calcalist-tech-3.jpg
[2026-05-06T04:34:12.792Z] [PIPE]  create mode 100644 news-dashboard/live-site/assets/media/2026-05-06-technology-wired-1.jpg
[2026-05-06T04:34:12.792Z] [PIPE]  create mode 100644 news-dashboard/live-site/assets/media/2026-05-06-technology-wired-2.jpg
[2026-05-06T04:34:12.793Z] [PIPE]  create mode 100644 news-dashboard/live-site/assets/media/2026-05-06-technology-wired-4.jpg
[2026-05-06T04:34:12.793Z] [PIPE]  create mode 100644 news-dashboard/live-site/assets/media/2026-05-06-technology2-ai_tg_il-telegram-13.jpg
[2026-05-06T04:34:12.793Z] [PIPE]  create mode 100644 news-dashboard/live-site/assets/media/2026-05-06-technology2-ai_tg_il-telegram-14.jpg
[2026-05-06T04:34:12.793Z] [PIPE]  create mode 100644 news-dashboard/live-site/assets/media/2026-05-06-technology2-ai_tg_il-telegram-15.jpg
[2026-05-06T04:34:12.793Z] [PIPE]  create mode 100644 news-dashboard/live-site/assets/media/2026-05-06-technology2-ai_tg_il-telegram-2.jpg
[2026-05-06T04:34:12.793Z] [PIPE]  create mode 100644 news-dashboard/live-site/assets/media/2026-05-06-technology2-ai_tg_il-telegram-3.jpg
[2026-05-06T04:34:12.794Z] [PIPE]  create mode 100644 news-dashboard/live-site/assets/media/2026-05-06-technology2-ai_tg_il-telegram-4.jpg
[2026-05-06T04:34:12.794Z] [PIPE]  rename news-dashboard/live-site/assets/media/{2026-04-28-technology2-botai14-telegram-8.jpg => 2026-05-06-technology2-botai14-telegram-16.jpg} (100%)
[2026-05-06T04:34:12.794Z] [PIPE]  create mode 100644 news-dashboard/live-site/assets/media/2026-05-06-technology2-botai14-telegram-17.jpg
[2026-05-06T04:34:12.794Z] [PIPE]  create mode 100644 news-dashboard/live-site/assets/media/2026-05-06-technology2-botai14-telegram-18.jpg
[2026-05-06T04:34:12.794Z] [PIPE]  create mode 100644 news-dashboard/live-site/assets/media/2026-05-06-technology2-botai14-telegram-19.jpg
[2026-05-06T04:34:12.794Z] [PIPE]  create mode 100644 news-dashboard/live-site/assets/media/2026-05-06-technology2-botai14-telegram-5.jpg
[2026-05-06T04:34:12.795Z] [PIPE]  create mode 100644 news-dashboard/live-site/assets/media/2026-05-06-technology2-botai14-telegram-6.jpg
[2026-05-06T04:34:12.795Z] [PIPE]  rename news-dashboard/live-site/assets/media/{2026-04-28-technology2-hackit770-telegram-5.jpg => 2026-05-06-technology2-hackit770-telegram-20.jpg} (100%)
[2026-05-06T04:34:12.795Z] [PIPE]  rename news-dashboard/live-site/assets/media/{2026-04-28-technology2-hackit770-telegram-6.jpg => 2026-05-06-technology2-hackit770-telegram-21.jpg} (100%)
[2026-05-06T04:34:12.795Z] [PIPE]  create mode 100644 news-dashboard/live-site/assets/media/2026-05-06-technology2-hackit770-telegram-22.jpg
[2026-05-06T04:34:12.795Z] [PIPE]  rename news-dashboard/live-site/assets/media/{2026-04-28-technology2-hackit770-telegram-10.jpg => 2026-05-06-technology2-hackit770-telegram-7.jpg} (100%)
[2026-05-06T04:34:12.795Z] [PIPE]  rename news-dashboard/live-site/assets/media/{2026-04-28-technology2-hackit770-telegram-11.jpg => 2026-05-06-technology2-hackit770-telegram-8.jpg} (100%)
[2026-05-06T04:34:12.796Z] [PIPE]  create mode 100644 news-dashboard/live-site/assets/media/2026-05-06-technology2-hackit770-telegram-9.jpg
[2026-05-06T04:34:12.796Z] [PIPE]  create mode 100644 news-dashboard/live-site/assets/media/2026-05-06-technology2-technewsheb-telegram-1.jpg
[2026-05-06T04:34:12.796Z] [PIPE]  create mode 100644 news-dashboard/live-site/assets/media/2026-05-06-technology2-technewsheb-telegram-10.jpg
[2026-05-06T04:34:12.796Z] [PIPE]  create mode 100644 news-dashboard/live-site/assets/media/2026-05-06-technology2-technewsheb-telegram-11.jpg
[2026-05-06T04:34:12.796Z] [PIPE]  create mode 100644 news-dashboard/live-site/assets/media/2026-05-06-technology2-technewsheb-telegram-12.jpg
[2026-05-06T04:34:12.797Z] [PIPE]  create mode 100644 news-dashboard/scheduled-logs/2026-05-06.log
[2026-05-06T04:34:12.797Z] [PIPE] {
[2026-05-06T04:34:12.797Z] [PIPE]   "ok": true,
[2026-05-06T04:34:12.797Z] [PIPE]   "buildId": "build-1778041802548",
[2026-05-06T04:34:12.797Z] [PIPE]   "commit": "40a504486c4ad62e70e093d4de73cbe6a773d05a",
[2026-05-06T04:34:12.797Z] [PIPE]   "datedUrl": "https://eladtz2025.github.io/OpenCLawClawy/news-dashboard/live-site/2026-05-06.html?v=build-1778041802548"
[2026-05-06T04:34:12.797Z] [PIPE] }{
[2026-05-06T04:34:12.798Z] [PIPE]   "ok": true,
[2026-05-06T04:34:12.798Z] [PIPE]   "publicUrl": "https://eladtz2025.github.io/OpenCLawClawy/news-dashboard/live-site/latest.html?v=build-1778041802548",
[2026-05-06T04:34:12.798Z] [PIPE]   "resolvedUrl": "https://eladtz2025.github.io/OpenCLawClawy/news-dashboard/live-site/2026-05-06.html?v=build-1778041802548",
[2026-05-06T04:34:12.798Z] [PIPE]   "buildId": "build-1778041802548"
[2026-05-06T04:34:12.798Z] [PIPE] }{
[2026-05-06T04:34:12.799Z] [PIPE]   "ok": true,
[2026-05-06T04:34:12.799Z] [PIPE]   "checked": 12,
[2026-05-06T04:34:12.799Z] [PIPE]   "totalMediaRefs": 39,
[2026-05-06T04:34:12.799Z] [PIPE]   "attempts": 1
[2026-05-06T04:34:12.799Z] [PIPE] }Dashboard pipeline status: SUCCESS
[2026-05-06T04:34:12.799Z] [PIPE-ERR] To https://github.com/Eladtz2025/OpenCLawClawy.git
[2026-05-06T04:34:12.800Z] [PIPE-ERR]    456e9de..40a5044  HEAD -> main
[2026-05-06T04:34:12.801Z] [ERR] publish verification failed: state.status = PARTIAL
[2026-05-06T07:33:18.412Z] [INFO] === scheduled-run start (skipSend=false) ===
[2026-05-06T07:33:18.416Z] [INFO] running C:\Users\Itzhak\.openclaw\workspace\news-dashboard\morning-run.js
[2026-05-06T07:36:33.270Z] [PIPE] {
[2026-05-06T07:36:33.270Z] [PIPE]   "status": "PARTIAL",
[2026-05-06T07:36:33.270Z] [PIPE]   "items": 39
[2026-05-06T07:36:33.270Z] [PIPE] }
[2026-05-06T07:36:33.270Z] [PIPE] {
[2026-05-06T07:36:33.270Z] [PIPE]   "status": "PARTIAL",
[2026-05-06T07:36:33.270Z] [PIPE]   "items": 39,
[2026-05-06T07:36:33.270Z] [PIPE]   "dailyFile": "2026-05-06.html"
[2026-05-06T07:36:33.270Z] [PIPE] }
[2026-05-06T07:36:33.270Z] [PIPE] {
[2026-05-06T07:36:33.270Z] [PIPE]   "ok": true,
[2026-05-06T07:36:33.270Z] [PIPE]   "buildId": "build-1778052798532",
[2026-05-06T07:36:33.270Z] [PIPE]   "lastPublishedAt": "2026-05-06T07:33:18.532Z",
[2026-05-06T07:36:33.270Z] [PIPE]   "tech2WithMedia": 20,
[2026-05-06T07:36:33.270Z] [PIPE]   "itemCount": 39
[2026-05-06T07:36:33.270Z] [PIPE] }
[2026-05-06T07:36:33.270Z] [PIPE] [main 11b8ae0] Publish news dashboard build-1778052798532
[2026-05-06T07:36:33.270Z] [PIPE]  60 files changed, 3611 insertions(+), 2738 deletions(-)
[2026-05-06T07:36:33.270Z] [PIPE]  create mode 100644 news-dashboard/live-site/assets/media/2026-05-06-crypto-coindesk-2.jpg
[2026-05-06T07:36:33.270Z] [PIPE]  create mode 100644 news-dashboard/live-site/assets/media/2026-05-06-crypto-coindesk-3.jpg
[2026-05-06T07:36:33.270Z] [PIPE]  create mode 100644 news-dashboard/live-site/assets/media/2026-05-06-crypto-decrypt-5.jpg
[2026-05-06T07:36:33.270Z] [PIPE]  create mode 100644 news-dashboard/live-site/assets/media/2026-05-06-hapoel-sport-5-2.jpg
[2026-05-06T07:36:33.270Z] [PIPE]  create mode 100644 news-dashboard/live-site/assets/media/2026-05-06-hapoel-walla-sport-1.webp
[2026-05-06T07:36:33.270Z] [PIPE]  create mode 100644 news-dashboard/live-site/assets/media/2026-05-06-hapoel-ynet-sport-israel-soccer-5.jpg
[2026-05-06T07:36:33.270Z] [PIPE]  create mode 100644 news-dashboard/live-site/assets/media/2026-05-06-israel-ynet-news-1.jpg
[2026-05-06T07:36:33.270Z] [PIPE]  create mode 100644 news-dashboard/live-site/assets/media/2026-05-06-israel-ynet-news-2.jpg
[2026-05-06T07:36:33.270Z] [PIPE]  create mode 100644 news-dashboard/live-site/assets/media/2026-05-06-technology-calcalist-tech-4.jpg
[2026-05-06T07:36:33.270Z] [PIPE]  create mode 100644 news-dashboard/live-site/assets/media/2026-05-06-technology-wired-3.jpg
[2026-05-06T07:36:33.270Z] [PIPE]  create mode 100644 news-dashboard/live-site/assets/media/2026-05-06-technology2-ai_tg_il-telegram-16.jpg
[2026-05-06T07:36:33.270Z] [PIPE]  create mode 100644 news-dashboard/live-site/assets/media/2026-05-06-technology2-ai_tg_il-telegram-17.jpg
[2026-05-06T07:36:33.270Z] [PIPE]  create mode 100644 news-dashboard/live-site/assets/media/2026-05-06-technology2-botai14-telegram-1.jpg
[2026-05-06T07:36:33.270Z] [PIPE]  create mode 100644 news-dashboard/live-site/assets/media/2026-05-06-technology2-botai14-telegram-10.jpg
[2026-05-06T07:36:33.271Z] [PIPE]  create mode 100644 news-dashboard/live-site/assets/media/2026-05-06-technology2-botai14-telegram-20.jpg
[2026-05-06T07:36:33.271Z] [PIPE]  create mode 100644 news-dashboard/live-site/assets/media/2026-05-06-technology2-hackit770-telegram-11.jpg
[2026-05-06T07:36:33.271Z] [PIPE]  create mode 100644 news-dashboard/live-site/assets/media/2026-05-06-technology2-hackit770-telegram-12.jpg
[2026-05-06T07:36:33.271Z] [PIPE]  create mode 100644 news-dashboard/live-site/assets/media/2026-05-06-technology2-hackit770-telegram-13.jpg
[2026-05-06T07:36:33.271Z] [PIPE]  create mode 100644 news-dashboard/live-site/assets/media/2026-05-06-technology2-hackit770-telegram-6.jpg
[2026-05-06T07:36:33.271Z] [PIPE]  create mode 100644 news-dashboard/live-site/assets/media/2026-05-06-technology2-technewsheb-telegram-18.jpg
[2026-05-06T07:36:33.271Z] [PIPE]  create mode 100644 news-dashboard/live-site/assets/media/2026-05-06-technology2-technewsheb-telegram-19.jpg
[2026-05-06T07:36:33.271Z] [PIPE]  create mode 100644 news-dashboard/live-site/assets/media/2026-05-06-technology2-technewsheb-telegram-2.jpg
[2026-05-06T07:36:33.271Z] [PIPE]  create mode 100644 news-dashboard/live-site/assets/media/2026-05-06-technology2-technewsheb-telegram-8.jpg
[2026-05-06T07:36:33.271Z] [PIPE] {
[2026-05-06T07:36:33.271Z] [PIPE]   "ok": true,
[2026-05-06T07:36:33.271Z] [PIPE]   "buildId": "build-1778052798532",
[2026-05-06T07:36:33.271Z] [PIPE]   "commit": "11b8ae0760ff44c08a82bf6397ed9caa6bf8b561",
[2026-05-06T07:36:33.271Z] [PIPE]   "datedUrl": "https://eladtz2025.github.io/OpenCLawClawy/news-dashboard/live-site/2026-05-06.html?v=build-1778052798532"
[2026-05-06T07:36:33.271Z] [PIPE] }{
[2026-05-06T07:36:33.271Z] [PIPE]   "ok": true,
[2026-05-06T07:36:33.271Z] [PIPE]   "publicUrl": "https://eladtz2025.github.io/OpenCLawClawy/news-dashboard/live-site/latest.html?v=build-1778052798532",
[2026-05-06T07:36:33.271Z] [PIPE]   "resolvedUrl": "https://eladtz2025.github.io/OpenCLawClawy/news-dashboard/live-site/2026-05-06.html?v=build-1778052798532",
[2026-05-06T07:36:33.271Z] [PIPE]   "buildId": "build-1778052798532"
[2026-05-06T07:36:33.271Z] [PIPE] }{
[2026-05-06T07:36:33.271Z] [PIPE]   "ok": true,
[2026-05-06T07:36:33.271Z] [PIPE]   "checked": 12,
[2026-05-06T07:36:33.271Z] [PIPE]   "totalMediaRefs": 38,
[2026-05-06T07:36:33.271Z] [PIPE]   "attempts": 1
[2026-05-06T07:36:33.271Z] [PIPE] }Dashboard pipeline status: SUCCESS
[2026-05-06T07:36:33.271Z] [PIPE-ERR] To https://github.com/Eladtz2025/OpenCLawClawy.git
[2026-05-06T07:36:33.271Z] [PIPE-ERR]    23af2ee..11b8ae0  HEAD -> main
[2026-05-06T07:36:33.271Z] [ERR] publish verification failed: state.status = PARTIAL
