[2026-05-10T04:30:02.228Z] [INFO] === scheduled-run start (skipSend=false) ===
[2026-05-10T04:30:02.248Z] [INFO] running C:\Users\Itzhak\.openclaw\workspace\news-dashboard\morning-run.js
[2026-05-10T04:33:40.407Z] [PIPE] {
[2026-05-10T04:33:40.407Z] [PIPE]   "status": "PARTIAL",
[2026-05-10T04:33:40.408Z] [PIPE]   "items": 37
[2026-05-10T04:33:40.408Z] [PIPE] }
[2026-05-10T04:33:40.408Z] [PIPE] {
[2026-05-10T04:33:40.408Z] [PIPE]   "status": "PARTIAL",
[2026-05-10T04:33:40.409Z] [PIPE]   "items": 37,
[2026-05-10T04:33:40.409Z] [PIPE]   "dailyFile": "2026-05-10.html"
[2026-05-10T04:33:40.409Z] [PIPE] }
[2026-05-10T04:33:40.410Z] [PIPE] {
[2026-05-10T04:33:40.410Z] [PIPE]   "ok": true,
[2026-05-10T04:33:40.410Z] [PIPE]   "buildId": "build-1778387402358",
[2026-05-10T04:33:40.410Z] [PIPE]   "lastPublishedAt": "2026-05-10T04:30:02.358Z",
[2026-05-10T04:33:40.410Z] [PIPE]   "tech2WithMedia": 22,
[2026-05-10T04:33:40.411Z] [PIPE]   "itemCount": 37
[2026-05-10T04:33:40.411Z] [PIPE] }
[2026-05-10T04:33:40.411Z] [PIPE] [main fd31bb0] Publish news dashboard build-1778387402358
[2026-05-10T04:33:40.411Z] [PIPE]  103 files changed, 4527 insertions(+), 4126 deletions(-)
[2026-05-10T04:33:40.411Z] [PIPE]  create mode 100644 news-dashboard/live-site/2026-05-10.html
[2026-05-10T04:33:40.411Z] [PIPE]  delete mode 100644 news-dashboard/live-site/archive/2026-05-03.html
[2026-05-10T04:33:40.411Z] [PIPE]  create mode 100644 news-dashboard/live-site/archive/2026-05-10.html
[2026-05-10T04:33:40.411Z] [PIPE]  delete mode 100644 news-dashboard/live-site/assets/media/2026-05-03-crypto-coindesk-5.jpg
[2026-05-10T04:33:40.411Z] [PIPE]  delete mode 100644 news-dashboard/live-site/assets/media/2026-05-03-crypto-coindesk-ethereum-1.jpg
[2026-05-10T04:33:40.412Z] [PIPE]  delete mode 100644 news-dashboard/live-site/assets/media/2026-05-03-crypto-dl-news-2.webp
[2026-05-10T04:33:40.412Z] [PIPE]  delete mode 100644 news-dashboard/live-site/assets/media/2026-05-03-crypto-dl-news-3.webp
[2026-05-10T04:33:40.412Z] [PIPE]  delete mode 100644 news-dashboard/live-site/assets/media/2026-05-03-crypto-dl-news-4.webp
[2026-05-10T04:33:40.412Z] [PIPE]  delete mode 100644 news-dashboard/live-site/assets/media/2026-05-03-hapoel-ynet-sport-israel-soccer-1.jpg
[2026-05-10T04:33:40.412Z] [PIPE]  delete mode 100644 news-dashboard/live-site/assets/media/2026-05-03-hapoel-ynet-sport-israel-soccer-2.jpg
[2026-05-10T04:33:40.412Z] [PIPE]  delete mode 100644 news-dashboard/live-site/assets/media/2026-05-03-hapoel-ynet-sport-israel-soccer-3.jpg
[2026-05-10T04:33:40.412Z] [PIPE]  delete mode 100644 news-dashboard/live-site/assets/media/2026-05-03-hapoel-ynet-sport-israel-soccer-4.jpg
[2026-05-10T04:33:40.412Z] [PIPE]  delete mode 100644 news-dashboard/live-site/assets/media/2026-05-03-hapoel-ynet-sport-israel-soccer-5.jpg
[2026-05-10T04:33:40.412Z] [PIPE]  delete mode 100644 news-dashboard/live-site/assets/media/2026-05-03-israel-israel-hayom-news-5.jpg
[2026-05-10T04:33:40.412Z] [PIPE]  delete mode 100644 news-dashboard/live-site/assets/media/2026-05-03-israel-kan-news-1.jpg
[2026-05-10T04:33:40.413Z] [PIPE]  delete mode 100644 news-dashboard/live-site/assets/media/2026-05-03-israel-kan-news-2.jpg
[2026-05-10T04:33:40.413Z] [PIPE]  delete mode 100644 news-dashboard/live-site/assets/media/2026-05-03-israel-ynet-news-4.jpg
[2026-05-10T04:33:40.413Z] [PIPE]  delete mode 100644 news-dashboard/live-site/assets/media/2026-05-03-technology-calcalist-tech-2.jpg
[2026-05-10T04:33:40.413Z] [PIPE]  delete mode 100644 news-dashboard/live-site/assets/media/2026-05-03-technology-wired-1.jpg
[2026-05-10T04:33:40.413Z] [PIPE]  delete mode 100644 news-dashboard/live-site/assets/media/2026-05-03-technology-wired-3.jpg
[2026-05-10T04:33:40.413Z] [PIPE]  delete mode 100644 news-dashboard/live-site/assets/media/2026-05-03-technology-wired-4.jpg
[2026-05-10T04:33:40.413Z] [PIPE]  delete mode 100644 news-dashboard/live-site/assets/media/2026-05-03-technology2-ai_tg_il-telegram-10.jpg
[2026-05-10T04:33:40.413Z] [PIPE]  delete mode 100644 news-dashboard/live-site/assets/media/2026-05-03-technology2-ai_tg_il-telegram-17.jpg
[2026-05-10T04:33:40.413Z] [PIPE]  delete mode 100644 news-dashboard/live-site/assets/media/2026-05-03-technology2-ai_tg_il-telegram-18.jpg
[2026-05-10T04:33:40.414Z] [PIPE]  delete mode 100644 news-dashboard/live-site/assets/media/2026-05-03-technology2-ai_tg_il-telegram-19.jpg
[2026-05-10T04:33:40.414Z] [PIPE]  delete mode 100644 news-dashboard/live-site/assets/media/2026-05-03-technology2-ai_tg_il-telegram-4.jpg
[2026-05-10T04:33:40.414Z] [PIPE]  delete mode 100644 news-dashboard/live-site/assets/media/2026-05-03-technology2-ai_tg_il-telegram-5.jpg
[2026-05-10T04:33:40.414Z] [PIPE]  delete mode 100644 news-dashboard/live-site/assets/media/2026-05-03-technology2-botai14-telegram-2.jpg
[2026-05-10T04:33:40.414Z] [PIPE]  delete mode 100644 news-dashboard/live-site/assets/media/2026-05-03-technology2-botai14-telegram-20.jpg
[2026-05-10T04:33:40.414Z] [PIPE]  delete mode 100644 news-dashboard/live-site/assets/media/2026-05-03-technology2-botai14-telegram-22.jpg
[2026-05-10T04:33:40.414Z] [PIPE]  delete mode 100644 news-dashboard/live-site/assets/media/2026-05-03-technology2-botai14-telegram-6.jpg
[2026-05-10T04:33:40.414Z] [PIPE]  delete mode 100644 news-dashboard/live-site/assets/media/2026-05-03-technology2-hackit770-telegram-12.jpg
[2026-05-10T04:33:40.414Z] [PIPE]  delete mode 100644 news-dashboard/live-site/assets/media/2026-05-03-technology2-hackit770-telegram-21.jpg
[2026-05-10T04:33:40.415Z] [PIPE]  delete mode 100644 news-dashboard/live-site/assets/media/2026-05-03-technology2-technewsheb-telegram-1.jpg
[2026-05-10T04:33:40.415Z] [PIPE]  delete mode 100644 news-dashboard/live-site/assets/media/2026-05-03-technology2-technewsheb-telegram-14.jpg
[2026-05-10T04:33:40.415Z] [PIPE]  delete mode 100644 news-dashboard/live-site/assets/media/2026-05-03-technology2-technewsheb-telegram-15.jpg
[2026-05-10T04:33:40.415Z] [PIPE]  delete mode 100644 news-dashboard/live-site/assets/media/2026-05-03-technology2-technewsheb-telegram-16.jpg
[2026-05-10T04:33:40.415Z] [PIPE]  delete mode 100644 news-dashboard/live-site/assets/media/2026-05-03-technology2-technewsheb-telegram-3.jpg
[2026-05-10T04:33:40.415Z] [PIPE]  delete mode 100644 news-dashboard/live-site/assets/media/2026-05-03-technology2-technewsheb-telegram-9.jpg
[2026-05-10T04:33:40.415Z] [PIPE]  create mode 100644 news-dashboard/live-site/assets/media/2026-05-10-crypto-decrypt-1.png
[2026-05-10T04:33:40.415Z] [PIPE]  create mode 100644 news-dashboard/live-site/assets/media/2026-05-10-crypto-decrypt-2.png
[2026-05-10T04:33:40.415Z] [PIPE]  create mode 100644 news-dashboard/live-site/assets/media/2026-05-10-crypto-decrypt-3.jpg
[2026-05-10T04:33:40.416Z] [PIPE]  create mode 100644 news-dashboard/live-site/assets/media/2026-05-10-crypto-decrypt-4.jpg
[2026-05-10T04:33:40.416Z] [PIPE]  create mode 100644 news-dashboard/live-site/assets/media/2026-05-10-crypto-decrypt-5.png
[2026-05-10T04:33:40.416Z] [PIPE]  create mode 100644 news-dashboard/live-site/assets/media/2026-05-10-hapoel-ynet-sport-israel-soccer-1.jpg
[2026-05-10T04:33:40.416Z] [PIPE]  create mode 100644 news-dashboard/live-site/assets/media/2026-05-10-israel-israel-hayom-news-3.jpg
[2026-05-10T04:33:40.416Z] [PIPE]  create mode 100644 news-dashboard/live-site/assets/media/2026-05-10-israel-israel-hayom-news-4.jpg
[2026-05-10T04:33:40.416Z] [PIPE]  create mode 100644 news-dashboard/live-site/assets/media/2026-05-10-israel-ynet-news-1.jpg
[2026-05-10T04:33:40.416Z] [PIPE]  rename news-dashboard/live-site/assets/media/{2026-05-03-israel-ynet-news-3.jpg => 2026-05-10-israel-ynet-news-2.jpg} (100%)
[2026-05-10T04:33:40.417Z] [PIPE]  create mode 100644 news-dashboard/live-site/assets/media/2026-05-10-israel-ynet-news-5.jpg
[2026-05-10T04:33:40.417Z] [PIPE]  create mode 100644 news-dashboard/live-site/assets/media/2026-05-10-technology-calcalist-tech-3.jpg
[2026-05-10T04:33:40.417Z] [PIPE]  rename news-dashboard/live-site/assets/media/{2026-05-03-technology-calcalist-tech-5.jpg => 2026-05-10-technology-calcalist-tech-4.jpg} (100%)
[2026-05-10T04:33:40.417Z] [PIPE]  create mode 100644 news-dashboard/live-site/assets/media/2026-05-10-technology-wired-1.jpg
[2026-05-10T04:33:40.417Z] [PIPE]  create mode 100644 news-dashboard/live-site/assets/media/2026-05-10-technology-wired-2.jpg
[2026-05-10T04:33:40.417Z] [PIPE]  create mode 100644 news-dashboard/live-site/assets/media/2026-05-10-technology2-ai_tg_il-telegram-10.jpg
[2026-05-10T04:33:40.417Z] [PIPE]  create mode 100644 news-dashboard/live-site/assets/media/2026-05-10-technology2-ai_tg_il-telegram-12.jpg
[2026-05-10T04:33:40.418Z] [PIPE]  create mode 100644 news-dashboard/live-site/assets/media/2026-05-10-technology2-ai_tg_il-telegram-19.jpg
[2026-05-10T04:33:40.418Z] [PIPE]  create mode 100644 news-dashboard/live-site/assets/media/2026-05-10-technology2-ai_tg_il-telegram-20.jpg
[2026-05-10T04:33:40.418Z] [PIPE]  create mode 100644 news-dashboard/live-site/assets/media/2026-05-10-technology2-ai_tg_il-telegram-3.jpg
[2026-05-10T04:33:40.418Z] [PIPE]  create mode 100644 news-dashboard/live-site/assets/media/2026-05-10-technology2-ai_tg_il-telegram-4.jpg
[2026-05-10T04:33:40.418Z] [PIPE]  create mode 100644 news-dashboard/live-site/assets/media/2026-05-10-technology2-botai14-telegram-17.jpg
[2026-05-10T04:33:40.418Z] [PIPE]  create mode 100644 news-dashboard/live-site/assets/media/2026-05-10-technology2-botai14-telegram-21.jpg
[2026-05-10T04:33:40.418Z] [PIPE]  create mode 100644 news-dashboard/live-site/assets/media/2026-05-10-technology2-botai14-telegram-5.jpg
[2026-05-10T04:33:40.418Z] [PIPE]  create mode 100644 news-dashboard/live-site/assets/media/2026-05-10-technology2-botai14-telegram-8.jpg
[2026-05-10T04:33:40.419Z] [PIPE]  rename news-dashboard/live-site/assets/media/{2026-05-03-technology2-hackit770-telegram-11.jpg => 2026-05-10-technology2-hackit770-telegram-14.jpg} (100%)
[2026-05-10T04:33:40.419Z] [PIPE]  rename news-dashboard/live-site/assets/media/{2026-05-03-technology2-hackit770-telegram-13.jpg => 2026-05-10-technology2-hackit770-telegram-15.jpg} (100%)
[2026-05-10T04:33:40.419Z] [PIPE]  create mode 100644 news-dashboard/live-site/assets/media/2026-05-10-technology2-hackit770-telegram-16.jpg
[2026-05-10T04:33:40.419Z] [PIPE]  create mode 100644 news-dashboard/live-site/assets/media/2026-05-10-technology2-hackit770-telegram-22.jpg
[2026-05-10T04:33:40.419Z] [PIPE]  rename news-dashboard/live-site/assets/media/{2026-05-03-technology2-hackit770-telegram-7.jpg => 2026-05-10-technology2-hackit770-telegram-6.jpg} (100%)
[2026-05-10T04:33:40.420Z] [PIPE]  rename news-dashboard/live-site/assets/media/{2026-05-03-technology2-hackit770-telegram-8.jpg => 2026-05-10-technology2-hackit770-telegram-7.jpg} (100%)
[2026-05-10T04:33:40.420Z] [PIPE]  create mode 100644 news-dashboard/live-site/assets/media/2026-05-10-technology2-technewsheb-telegram-1.jpg
[2026-05-10T04:33:40.420Z] [PIPE]  create mode 100644 news-dashboard/live-site/assets/media/2026-05-10-technology2-technewsheb-telegram-11.jpg
[2026-05-10T04:33:40.420Z] [PIPE]  create mode 100644 news-dashboard/live-site/assets/media/2026-05-10-technology2-technewsheb-telegram-13.jpg
[2026-05-10T04:33:40.420Z] [PIPE]  create mode 100644 news-dashboard/live-site/assets/media/2026-05-10-technology2-technewsheb-telegram-18.jpg
[2026-05-10T04:33:40.420Z] [PIPE]  create mode 100644 news-dashboard/live-site/assets/media/2026-05-10-technology2-technewsheb-telegram-2.jpg
[2026-05-10T04:33:40.420Z] [PIPE]  create mode 100644 news-dashboard/live-site/assets/media/2026-05-10-technology2-technewsheb-telegram-9.jpg
[2026-05-10T04:33:40.421Z] [PIPE]  create mode 100644 news-dashboard/scheduled-logs/2026-05-10.log
[2026-05-10T04:33:40.421Z] [PIPE] {
[2026-05-10T04:33:40.421Z] [PIPE]   "ok": true,
[2026-05-10T04:33:40.421Z] [PIPE]   "buildId": "build-1778387402358",
[2026-05-10T04:33:40.421Z] [PIPE]   "commit": "fd31bb09d0424e6b3debbbf351dcbf4953e5050f",
[2026-05-10T04:33:40.421Z] [PIPE]   "datedUrl": "https://eladtz2025.github.io/OpenCLawClawy/news-dashboard/live-site/2026-05-10.html?v=build-1778387402358"
[2026-05-10T04:33:40.421Z] [PIPE] }{
[2026-05-10T04:33:40.422Z] [PIPE]   "ok": true,
[2026-05-10T04:33:40.422Z] [PIPE]   "publicUrl": "https://eladtz2025.github.io/OpenCLawClawy/news-dashboard/live-site/latest.html?v=build-1778387402358",
[2026-05-10T04:33:40.422Z] [PIPE]   "resolvedUrl": "https://eladtz2025.github.io/OpenCLawClawy/news-dashboard/live-site/2026-05-10.html?v=build-1778387402358",
[2026-05-10T04:33:40.422Z] [PIPE]   "buildId": "build-1778387402358"
[2026-05-10T04:33:40.422Z] [PIPE] }{
[2026-05-10T04:33:40.422Z] [PIPE]   "ok": true,
[2026-05-10T04:33:40.422Z] [PIPE]   "checked": 12,
[2026-05-10T04:33:40.422Z] [PIPE]   "totalMediaRefs": 37,
[2026-05-10T04:33:40.423Z] [PIPE]   "attempts": 1
[2026-05-10T04:33:40.423Z] [PIPE] }Dashboard pipeline status: SUCCESS
[2026-05-10T04:33:40.423Z] [PIPE-ERR] To https://github.com/Eladtz2025/OpenCLawClawy.git
[2026-05-10T04:33:40.423Z] [PIPE-ERR]    d86c6c5..fd31bb0  HEAD -> main
[2026-05-10T04:33:40.424Z] [WARN] pipeline ok (PARTIAL: 4/5 topics met min) buildId=build-1778387402358
[2026-05-10T04:33:40.428Z] [INFO] sending summary (117 bytes) via gateway → telegram:620906995 key=news:morning:b76f29572ffd93cce701d6e1
[2026-05-10T04:33:49.619Z] [ERR] gateway send failed exit=1 stderr=
[2026-05-10T04:33:49.619Z] [ERR] send failed: gateway send failed
