[2026-05-13T04:30:01.965Z] [INFO] === scheduled-run start (skipSend=false) ===
[2026-05-13T04:30:01.980Z] [INFO] running C:\Users\Itzhak\.openclaw\workspace\news-dashboard\morning-run.js
[2026-05-13T04:33:39.150Z] [PIPE] {
[2026-05-13T04:33:39.151Z] [PIPE]   "status": "PARTIAL",
[2026-05-13T04:33:39.151Z] [PIPE]   "items": 34
[2026-05-13T04:33:39.151Z] [PIPE] }
[2026-05-13T04:33:39.151Z] [PIPE] {
[2026-05-13T04:33:39.152Z] [PIPE]   "status": "PARTIAL",
[2026-05-13T04:33:39.152Z] [PIPE]   "items": 34,
[2026-05-13T04:33:39.152Z] [PIPE]   "dailyFile": "2026-05-13.html"
[2026-05-13T04:33:39.152Z] [PIPE] }
[2026-05-13T04:33:39.152Z] [PIPE] {
[2026-05-13T04:33:39.153Z] [PIPE]   "ok": true,
[2026-05-13T04:33:39.153Z] [PIPE]   "buildId": "build-1778646602123",
[2026-05-13T04:33:39.153Z] [PIPE]   "lastPublishedAt": "2026-05-13T04:30:02.123Z",
[2026-05-13T04:33:39.153Z] [PIPE]   "tech2WithMedia": 19,
[2026-05-13T04:33:39.153Z] [PIPE]   "itemCount": 34
[2026-05-13T04:33:39.153Z] [PIPE] }
[2026-05-13T04:33:39.153Z] [PIPE] [main 481a6f5] Publish news dashboard build-1778646602123
[2026-05-13T04:33:39.154Z] [PIPE]  119 files changed, 4919 insertions(+), 4650 deletions(-)
[2026-05-13T04:33:39.154Z] [PIPE]  create mode 100644 news-dashboard/live-site/2026-05-13.html
[2026-05-13T04:33:39.154Z] [PIPE]  delete mode 100644 news-dashboard/live-site/archive/2026-05-06.html
[2026-05-13T04:33:39.154Z] [PIPE]  create mode 100644 news-dashboard/live-site/archive/2026-05-13.html
[2026-05-13T04:33:39.154Z] [PIPE]  delete mode 100644 news-dashboard/live-site/assets/media/2026-05-06-crypto-coindesk-1.jpg
[2026-05-13T04:33:39.154Z] [PIPE]  delete mode 100644 news-dashboard/live-site/assets/media/2026-05-06-crypto-coindesk-2.jpg
[2026-05-13T04:33:39.154Z] [PIPE]  delete mode 100644 news-dashboard/live-site/assets/media/2026-05-06-crypto-coindesk-3.jpg
[2026-05-13T04:33:39.155Z] [PIPE]  delete mode 100644 news-dashboard/live-site/assets/media/2026-05-06-crypto-coindesk-bitcoin-2.jpg
[2026-05-13T04:33:39.155Z] [PIPE]  delete mode 100644 news-dashboard/live-site/assets/media/2026-05-06-crypto-decrypt-3.jpg
[2026-05-13T04:33:39.155Z] [PIPE]  delete mode 100644 news-dashboard/live-site/assets/media/2026-05-06-crypto-decrypt-4.jpg
[2026-05-13T04:33:39.155Z] [PIPE]  delete mode 100644 news-dashboard/live-site/assets/media/2026-05-06-crypto-decrypt-5.png
[2026-05-13T04:33:39.155Z] [PIPE]  delete mode 100644 news-dashboard/live-site/assets/media/2026-05-06-hapoel-sport-5-1.jpg
[2026-05-13T04:33:39.155Z] [PIPE]  delete mode 100644 news-dashboard/live-site/assets/media/2026-05-06-hapoel-sport-5-2.jpg
[2026-05-13T04:33:39.155Z] [PIPE]  delete mode 100644 news-dashboard/live-site/assets/media/2026-05-06-hapoel-walla-sport-1.webp
[2026-05-13T04:33:39.155Z] [PIPE]  delete mode 100644 news-dashboard/live-site/assets/media/2026-05-06-hapoel-ynet-sport-israel-soccer-2.jpg
[2026-05-13T04:33:39.156Z] [PIPE]  delete mode 100644 news-dashboard/live-site/assets/media/2026-05-06-hapoel-ynet-sport-israel-soccer-3.jpg
[2026-05-13T04:33:39.156Z] [PIPE]  delete mode 100644 news-dashboard/live-site/assets/media/2026-05-06-hapoel-ynet-sport-israel-soccer-4.jpg
[2026-05-13T04:33:39.156Z] [PIPE]  delete mode 100644 news-dashboard/live-site/assets/media/2026-05-06-hapoel-ynet-sport-israel-soccer-5.jpg
[2026-05-13T04:33:39.156Z] [PIPE]  delete mode 100644 news-dashboard/live-site/assets/media/2026-05-06-israel-israel-hayom-news-1.jpg
[2026-05-13T04:33:39.156Z] [PIPE]  delete mode 100644 news-dashboard/live-site/assets/media/2026-05-06-israel-israel-hayom-news-3.jpg
[2026-05-13T04:33:39.156Z] [PIPE]  delete mode 100644 news-dashboard/live-site/assets/media/2026-05-06-israel-israel-hayom-news-5.jpg
[2026-05-13T04:33:39.156Z] [PIPE]  delete mode 100644 news-dashboard/live-site/assets/media/2026-05-06-israel-kan-news-4.jpg
[2026-05-13T04:33:39.156Z] [PIPE]  delete mode 100644 news-dashboard/live-site/assets/media/2026-05-06-israel-ynet-news-1.jpg
[2026-05-13T04:33:39.157Z] [PIPE]  delete mode 100644 news-dashboard/live-site/assets/media/2026-05-06-israel-ynet-news-2.jpg
[2026-05-13T04:33:39.157Z] [PIPE]  delete mode 100644 news-dashboard/live-site/assets/media/2026-05-06-technology-calcalist-tech-3.jpg
[2026-05-13T04:33:39.157Z] [PIPE]  delete mode 100644 news-dashboard/live-site/assets/media/2026-05-06-technology-calcalist-tech-4.jpg
[2026-05-13T04:33:39.157Z] [PIPE]  delete mode 100644 news-dashboard/live-site/assets/media/2026-05-06-technology-wired-1.jpg
[2026-05-13T04:33:39.157Z] [PIPE]  delete mode 100644 news-dashboard/live-site/assets/media/2026-05-06-technology-wired-2.jpg
[2026-05-13T04:33:39.157Z] [PIPE]  delete mode 100644 news-dashboard/live-site/assets/media/2026-05-06-technology-wired-3.jpg
[2026-05-13T04:33:39.157Z] [PIPE]  delete mode 100644 news-dashboard/live-site/assets/media/2026-05-06-technology-wired-4.jpg
[2026-05-13T04:33:39.157Z] [PIPE]  delete mode 100644 news-dashboard/live-site/assets/media/2026-05-06-technology2-ai_tg_il-telegram-13.jpg
[2026-05-13T04:33:39.157Z] [PIPE]  delete mode 100644 news-dashboard/live-site/assets/media/2026-05-06-technology2-ai_tg_il-telegram-14.jpg
[2026-05-13T04:33:39.157Z] [PIPE]  delete mode 100644 news-dashboard/live-site/assets/media/2026-05-06-technology2-ai_tg_il-telegram-15.jpg
[2026-05-13T04:33:39.158Z] [PIPE]  delete mode 100644 news-dashboard/live-site/assets/media/2026-05-06-technology2-ai_tg_il-telegram-16.jpg
[2026-05-13T04:33:39.158Z] [PIPE]  delete mode 100644 news-dashboard/live-site/assets/media/2026-05-06-technology2-ai_tg_il-telegram-17.jpg
[2026-05-13T04:33:39.158Z] [PIPE]  delete mode 100644 news-dashboard/live-site/assets/media/2026-05-06-technology2-ai_tg_il-telegram-2.jpg
[2026-05-13T04:33:39.158Z] [PIPE]  delete mode 100644 news-dashboard/live-site/assets/media/2026-05-06-technology2-ai_tg_il-telegram-3.jpg
[2026-05-13T04:33:39.158Z] [PIPE]  delete mode 100644 news-dashboard/live-site/assets/media/2026-05-06-technology2-ai_tg_il-telegram-4.jpg
[2026-05-13T04:33:39.158Z] [PIPE]  delete mode 100644 news-dashboard/live-site/assets/media/2026-05-06-technology2-botai14-telegram-1.jpg
[2026-05-13T04:33:39.158Z] [PIPE]  delete mode 100644 news-dashboard/live-site/assets/media/2026-05-06-technology2-botai14-telegram-16.jpg
[2026-05-13T04:33:39.158Z] [PIPE]  delete mode 100644 news-dashboard/live-site/assets/media/2026-05-06-technology2-botai14-telegram-17.jpg
[2026-05-13T04:33:39.158Z] [PIPE]  delete mode 100644 news-dashboard/live-site/assets/media/2026-05-06-technology2-botai14-telegram-18.jpg
[2026-05-13T04:33:39.158Z] [PIPE]  delete mode 100644 news-dashboard/live-site/assets/media/2026-05-06-technology2-botai14-telegram-20.jpg
[2026-05-13T04:33:39.159Z] [PIPE]  delete mode 100644 news-dashboard/live-site/assets/media/2026-05-06-technology2-botai14-telegram-5.jpg
[2026-05-13T04:33:39.159Z] [PIPE]  delete mode 100644 news-dashboard/live-site/assets/media/2026-05-06-technology2-botai14-telegram-6.jpg
[2026-05-13T04:33:39.159Z] [PIPE]  delete mode 100644 news-dashboard/live-site/assets/media/2026-05-06-technology2-hackit770-telegram-11.jpg
[2026-05-13T04:33:39.159Z] [PIPE]  delete mode 100644 news-dashboard/live-site/assets/media/2026-05-06-technology2-hackit770-telegram-20.jpg
[2026-05-13T04:33:39.159Z] [PIPE]  delete mode 100644 news-dashboard/live-site/assets/media/2026-05-06-technology2-hackit770-telegram-6.jpg
[2026-05-13T04:33:39.159Z] [PIPE]  delete mode 100644 news-dashboard/live-site/assets/media/2026-05-06-technology2-hackit770-telegram-7.jpg
[2026-05-13T04:33:39.159Z] [PIPE]  delete mode 100644 news-dashboard/live-site/assets/media/2026-05-06-technology2-hackit770-telegram-8.jpg
[2026-05-13T04:33:39.159Z] [PIPE]  delete mode 100644 news-dashboard/live-site/assets/media/2026-05-06-technology2-hackit770-telegram-9.jpg
[2026-05-13T04:33:39.159Z] [PIPE]  delete mode 100644 news-dashboard/live-site/assets/media/2026-05-06-technology2-technewsheb-telegram-1.jpg
[2026-05-13T04:33:39.159Z] [PIPE]  delete mode 100644 news-dashboard/live-site/assets/media/2026-05-06-technology2-technewsheb-telegram-10.jpg
[2026-05-13T04:33:39.159Z] [PIPE]  delete mode 100644 news-dashboard/live-site/assets/media/2026-05-06-technology2-technewsheb-telegram-11.jpg
[2026-05-13T04:33:39.160Z] [PIPE]  delete mode 100644 news-dashboard/live-site/assets/media/2026-05-06-technology2-technewsheb-telegram-12.jpg
[2026-05-13T04:33:39.160Z] [PIPE]  delete mode 100644 news-dashboard/live-site/assets/media/2026-05-06-technology2-technewsheb-telegram-18.jpg
[2026-05-13T04:33:39.160Z] [PIPE]  delete mode 100644 news-dashboard/live-site/assets/media/2026-05-06-technology2-technewsheb-telegram-19.jpg
[2026-05-13T04:33:39.160Z] [PIPE]  delete mode 100644 news-dashboard/live-site/assets/media/2026-05-06-technology2-technewsheb-telegram-2.jpg
[2026-05-13T04:33:39.160Z] [PIPE]  delete mode 100644 news-dashboard/live-site/assets/media/2026-05-06-technology2-technewsheb-telegram-8.jpg
[2026-05-13T04:33:39.160Z] [PIPE]  create mode 100644 news-dashboard/live-site/assets/media/2026-05-13-crypto-decrypt-1.jpg
[2026-05-13T04:33:39.161Z] [PIPE]  create mode 100644 news-dashboard/live-site/assets/media/2026-05-13-crypto-decrypt-2.jpg
[2026-05-13T04:33:39.161Z] [PIPE]  create mode 100644 news-dashboard/live-site/assets/media/2026-05-13-crypto-decrypt-3.png
[2026-05-13T04:33:39.161Z] [PIPE]  create mode 100644 news-dashboard/live-site/assets/media/2026-05-13-crypto-decrypt-4.jpg
[2026-05-13T04:33:39.161Z] [PIPE]  rename news-dashboard/live-site/assets/media/{2026-05-06-crypto-decrypt-5.jpg => 2026-05-13-crypto-decrypt-5.jpg} (100%)
[2026-05-13T04:33:39.161Z] [PIPE]  create mode 100644 news-dashboard/live-site/assets/media/2026-05-13-hapoel-walla-sport-3.webp
[2026-05-13T04:33:39.161Z] [PIPE]  create mode 100644 news-dashboard/live-site/assets/media/2026-05-13-hapoel-ynet-sport-israel-soccer-1.jpg
[2026-05-13T04:33:39.161Z] [PIPE]  create mode 100644 news-dashboard/live-site/assets/media/2026-05-13-hapoel-ynet-sport-israel-soccer-2.jpg
[2026-05-13T04:33:39.162Z] [PIPE]  create mode 100644 news-dashboard/live-site/assets/media/2026-05-13-israel-israel-hayom-news-1.jpg
[2026-05-13T04:33:39.162Z] [PIPE]  create mode 100644 news-dashboard/live-site/assets/media/2026-05-13-israel-israel-hayom-news-2.jpg
[2026-05-13T04:33:39.162Z] [PIPE]  create mode 100644 news-dashboard/live-site/assets/media/2026-05-13-israel-israel-hayom-news-3.jpg
[2026-05-13T04:33:39.162Z] [PIPE]  create mode 100644 news-dashboard/live-site/assets/media/2026-05-13-technology-calcalist-tech-1.jpg
[2026-05-13T04:33:39.162Z] [PIPE]  create mode 100644 news-dashboard/live-site/assets/media/2026-05-13-technology-wired-2.jpg
[2026-05-13T04:33:39.162Z] [PIPE]  create mode 100644 news-dashboard/live-site/assets/media/2026-05-13-technology-wired-3.jpg
[2026-05-13T04:33:39.162Z] [PIPE]  create mode 100644 news-dashboard/live-site/assets/media/2026-05-13-technology-wired-4.jpg
[2026-05-13T04:33:39.162Z] [PIPE]  create mode 100644 news-dashboard/live-site/assets/media/2026-05-13-technology2-ai_tg_il-telegram-14.jpg
[2026-05-13T04:33:39.163Z] [PIPE]  create mode 100644 news-dashboard/live-site/assets/media/2026-05-13-technology2-ai_tg_il-telegram-15.jpg
[2026-05-13T04:33:39.163Z] [PIPE]  create mode 100644 news-dashboard/live-site/assets/media/2026-05-13-technology2-ai_tg_il-telegram-16.jpg
[2026-05-13T04:33:39.163Z] [PIPE]  create mode 100644 news-dashboard/live-site/assets/media/2026-05-13-technology2-ai_tg_il-telegram-3.jpg
[2026-05-13T04:33:39.163Z] [PIPE]  create mode 100644 news-dashboard/live-site/assets/media/2026-05-13-technology2-ai_tg_il-telegram-4.jpg
[2026-05-13T04:33:39.163Z] [PIPE]  create mode 100644 news-dashboard/live-site/assets/media/2026-05-13-technology2-ai_tg_il-telegram-9.jpg
[2026-05-13T04:33:39.163Z] [PIPE]  create mode 100644 news-dashboard/live-site/assets/media/2026-05-13-technology2-botai14-telegram-12.jpg
[2026-05-13T04:33:39.163Z] [PIPE]  create mode 100644 news-dashboard/live-site/assets/media/2026-05-13-technology2-botai14-telegram-17.jpg
[2026-05-13T04:33:39.163Z] [PIPE]  rename news-dashboard/live-site/assets/media/{2026-05-06-technology2-botai14-telegram-19.jpg => 2026-05-13-technology2-botai14-telegram-5.jpg} (100%)
[2026-05-13T04:33:39.163Z] [PIPE]  rename news-dashboard/live-site/assets/media/{2026-05-06-technology2-botai14-telegram-10.jpg => 2026-05-13-technology2-botai14-telegram-8.jpg} (100%)
[2026-05-13T04:33:39.163Z] [PIPE]  rename news-dashboard/live-site/assets/media/{2026-05-06-technology2-hackit770-telegram-12.jpg => 2026-05-13-technology2-hackit770-telegram-10.jpg} (100%)
[2026-05-13T04:33:39.164Z] [PIPE]  rename news-dashboard/live-site/assets/media/{2026-05-06-technology2-hackit770-telegram-13.jpg => 2026-05-13-technology2-hackit770-telegram-11.jpg} (100%)
[2026-05-13T04:33:39.164Z] [PIPE]  create mode 100644 news-dashboard/live-site/assets/media/2026-05-13-technology2-hackit770-telegram-18.jpg
[2026-05-13T04:33:39.164Z] [PIPE]  create mode 100644 news-dashboard/live-site/assets/media/2026-05-13-technology2-hackit770-telegram-19.jpg
[2026-05-13T04:33:39.164Z] [PIPE]  rename news-dashboard/live-site/assets/media/{2026-05-06-technology2-hackit770-telegram-21.jpg => 2026-05-13-technology2-hackit770-telegram-6.jpg} (100%)
[2026-05-13T04:33:39.164Z] [PIPE]  rename news-dashboard/live-site/assets/media/{2026-05-06-technology2-hackit770-telegram-22.jpg => 2026-05-13-technology2-hackit770-telegram-7.jpg} (100%)
[2026-05-13T04:33:39.164Z] [PIPE]  create mode 100644 news-dashboard/live-site/assets/media/2026-05-13-technology2-technewsheb-telegram-1.jpg
[2026-05-13T04:33:39.164Z] [PIPE]  create mode 100644 news-dashboard/live-site/assets/media/2026-05-13-technology2-technewsheb-telegram-13.jpg
[2026-05-13T04:33:39.164Z] [PIPE]  create mode 100644 news-dashboard/live-site/assets/media/2026-05-13-technology2-technewsheb-telegram-2.jpg
[2026-05-13T04:33:39.164Z] [PIPE]  create mode 100644 news-dashboard/scheduled-logs/2026-05-13.log
[2026-05-13T04:33:39.164Z] [PIPE] {
[2026-05-13T04:33:39.164Z] [PIPE]   "ok": true,
[2026-05-13T04:33:39.165Z] [PIPE]   "buildId": "build-1778646602123",
[2026-05-13T04:33:39.165Z] [PIPE]   "commit": "481a6f5b8d3843dc7befc7b88968ea2ea5469c53",
[2026-05-13T04:33:39.165Z] [PIPE]   "datedUrl": "https://eladtz2025.github.io/OpenCLawClawy/news-dashboard/live-site/2026-05-13.html?v=build-1778646602123"
[2026-05-13T04:33:39.165Z] [PIPE] }{
[2026-05-13T04:33:39.165Z] [PIPE]   "ok": true,
[2026-05-13T04:33:39.165Z] [PIPE]   "publicUrl": "https://eladtz2025.github.io/OpenCLawClawy/news-dashboard/live-site/latest.html?v=build-1778646602123",
[2026-05-13T04:33:39.165Z] [PIPE]   "resolvedUrl": "https://eladtz2025.github.io/OpenCLawClawy/news-dashboard/live-site/2026-05-13.html?v=build-1778646602123",
[2026-05-13T04:33:39.165Z] [PIPE]   "buildId": "build-1778646602123"
[2026-05-13T04:33:39.165Z] [PIPE] }{
[2026-05-13T04:33:39.165Z] [PIPE]   "ok": true,
[2026-05-13T04:33:39.165Z] [PIPE]   "checked": 12,
[2026-05-13T04:33:39.165Z] [PIPE]   "totalMediaRefs": 34,
[2026-05-13T04:33:39.165Z] [PIPE]   "attempts": 1
[2026-05-13T04:33:39.166Z] [PIPE] }Dashboard pipeline status: SUCCESS
[2026-05-13T04:33:39.166Z] [PIPE-ERR] To https://github.com/Eladtz2025/OpenCLawClawy.git
[2026-05-13T04:33:39.166Z] [PIPE-ERR]    887f5d9..481a6f5  HEAD -> main
[2026-05-13T04:33:39.167Z] [ERR] publish verification failed: state.status = PARTIAL (3/5 meet min, 0 empty)
