[2026-05-15T04:30:02.200Z] [INFO] === scheduled-run start (skipSend=false) ===
[2026-05-15T04:30:02.219Z] [INFO] running C:\Users\Itzhak\.openclaw\workspace\news-dashboard\morning-run.js
[2026-05-15T04:33:33.689Z] [PIPE] {
[2026-05-15T04:33:33.689Z] [PIPE]   "status": "PARTIAL",
[2026-05-15T04:33:33.689Z] [PIPE]   "items": 39
[2026-05-15T04:33:33.689Z] [PIPE] }
[2026-05-15T04:33:33.689Z] [PIPE] {
[2026-05-15T04:33:33.689Z] [PIPE]   "status": "PARTIAL",
[2026-05-15T04:33:33.689Z] [PIPE]   "items": 39,
[2026-05-15T04:33:33.690Z] [PIPE]   "dailyFile": "2026-05-15.html"
[2026-05-15T04:33:33.690Z] [PIPE] }
[2026-05-15T04:33:33.700Z] [PIPE] {
[2026-05-15T04:33:33.700Z] [PIPE]   "ok": true,
[2026-05-15T04:33:33.700Z] [PIPE]   "buildId": "build-1778819402359",
[2026-05-15T04:33:33.700Z] [PIPE]   "lastPublishedAt": "2026-05-15T04:30:02.359Z",
[2026-05-15T04:33:33.700Z] [PIPE]   "tech2WithMedia": 22,
[2026-05-15T04:33:33.701Z] [PIPE]   "itemCount": 39
[2026-05-15T04:33:33.701Z] [PIPE] }
[2026-05-15T04:33:33.701Z] [PIPE] [main 1a1e83b] Publish news dashboard build-1778819402359
[2026-05-15T04:33:33.701Z] [PIPE]  100 files changed, 4556 insertions(+), 5264 deletions(-)
[2026-05-15T04:33:33.701Z] [PIPE]  create mode 100644 news-dashboard/live-site/2026-05-15.html
[2026-05-15T04:33:33.701Z] [PIPE]  delete mode 100644 news-dashboard/live-site/archive/2026-05-08.html
[2026-05-15T04:33:33.701Z] [PIPE]  create mode 100644 news-dashboard/live-site/archive/2026-05-15.html
[2026-05-15T04:33:33.701Z] [PIPE]  delete mode 100644 news-dashboard/live-site/assets/media/2026-05-08-crypto-decrypt-1.png
[2026-05-15T04:33:33.701Z] [PIPE]  delete mode 100644 news-dashboard/live-site/assets/media/2026-05-08-crypto-decrypt-2.jpg
[2026-05-15T04:33:33.702Z] [PIPE]  delete mode 100644 news-dashboard/live-site/assets/media/2026-05-08-crypto-decrypt-5.png
[2026-05-15T04:33:33.702Z] [PIPE]  delete mode 100644 news-dashboard/live-site/assets/media/2026-05-08-hapoel-ynet-sport-israel-soccer-1.jpg
[2026-05-15T04:33:33.702Z] [PIPE]  delete mode 100644 news-dashboard/live-site/assets/media/2026-05-08-hapoel-ynet-sport-israel-soccer-2.jpg
[2026-05-15T04:33:33.702Z] [PIPE]  delete mode 100644 news-dashboard/live-site/assets/media/2026-05-08-hapoel-ynet-sport-israel-soccer-3.jpg
[2026-05-15T04:33:33.702Z] [PIPE]  delete mode 100644 news-dashboard/live-site/assets/media/2026-05-08-israel-israel-hayom-news-3.png
[2026-05-15T04:33:33.702Z] [PIPE]  delete mode 100644 news-dashboard/live-site/assets/media/2026-05-08-israel-israel-hayom-news-4.jpg
[2026-05-15T04:33:33.702Z] [PIPE]  delete mode 100644 news-dashboard/live-site/assets/media/2026-05-08-israel-ynet-news-1.jpg
[2026-05-15T04:33:33.702Z] [PIPE]  delete mode 100644 news-dashboard/live-site/assets/media/2026-05-08-israel-ynet-news-2.jpg
[2026-05-15T04:33:33.702Z] [PIPE]  delete mode 100644 news-dashboard/live-site/assets/media/2026-05-08-israel-ynet-news-5.jpg
[2026-05-15T04:33:33.702Z] [PIPE]  delete mode 100644 news-dashboard/live-site/assets/media/2026-05-08-technology-calcalist-tech-4.jpg
[2026-05-15T04:33:33.702Z] [PIPE]  delete mode 100644 news-dashboard/live-site/assets/media/2026-05-08-technology-wired-1.jpg
[2026-05-15T04:33:33.702Z] [PIPE]  delete mode 100644 news-dashboard/live-site/assets/media/2026-05-08-technology-wired-2.jpg
[2026-05-15T04:33:33.702Z] [PIPE]  delete mode 100644 news-dashboard/live-site/assets/media/2026-05-08-technology-wired-3.jpg
[2026-05-15T04:33:33.702Z] [PIPE]  delete mode 100644 news-dashboard/live-site/assets/media/2026-05-08-technology2-ai_tg_il-telegram-11.jpg
[2026-05-15T04:33:33.702Z] [PIPE]  delete mode 100644 news-dashboard/live-site/assets/media/2026-05-08-technology2-ai_tg_il-telegram-12.jpg
[2026-05-15T04:33:33.702Z] [PIPE]  delete mode 100644 news-dashboard/live-site/assets/media/2026-05-08-technology2-ai_tg_il-telegram-21.jpg
[2026-05-15T04:33:33.703Z] [PIPE]  delete mode 100644 news-dashboard/live-site/assets/media/2026-05-08-technology2-ai_tg_il-telegram-22.jpg
[2026-05-15T04:33:33.703Z] [PIPE]  delete mode 100644 news-dashboard/live-site/assets/media/2026-05-08-technology2-ai_tg_il-telegram-4.jpg
[2026-05-15T04:33:33.703Z] [PIPE]  delete mode 100644 news-dashboard/live-site/assets/media/2026-05-08-technology2-ai_tg_il-telegram-5.jpg
[2026-05-15T04:33:33.703Z] [PIPE]  delete mode 100644 news-dashboard/live-site/assets/media/2026-05-08-technology2-botai14-telegram-3.jpg
[2026-05-15T04:33:33.703Z] [PIPE]  delete mode 100644 news-dashboard/live-site/assets/media/2026-05-08-technology2-hackit770-telegram-15.jpg
[2026-05-15T04:33:33.703Z] [PIPE]  delete mode 100644 news-dashboard/live-site/assets/media/2026-05-08-technology2-hackit770-telegram-7.jpg
[2026-05-15T04:33:33.703Z] [PIPE]  delete mode 100644 news-dashboard/live-site/assets/media/2026-05-08-technology2-hackit770-telegram-8.jpg
[2026-05-15T04:33:33.703Z] [PIPE]  delete mode 100644 news-dashboard/live-site/assets/media/2026-05-08-technology2-technewsheb-telegram-1.jpg
[2026-05-15T04:33:33.703Z] [PIPE]  delete mode 100644 news-dashboard/live-site/assets/media/2026-05-08-technology2-technewsheb-telegram-10.jpg
[2026-05-15T04:33:33.703Z] [PIPE]  delete mode 100644 news-dashboard/live-site/assets/media/2026-05-08-technology2-technewsheb-telegram-18.jpg
[2026-05-15T04:33:33.703Z] [PIPE]  delete mode 100644 news-dashboard/live-site/assets/media/2026-05-08-technology2-technewsheb-telegram-2.jpg
[2026-05-15T04:33:33.703Z] [PIPE]  delete mode 100644 news-dashboard/live-site/assets/media/2026-05-08-technology2-technewsheb-telegram-20.jpg
[2026-05-15T04:33:33.703Z] [PIPE]  delete mode 100644 news-dashboard/live-site/assets/media/2026-05-08-technology2-technewsheb-telegram-9.jpg
[2026-05-15T04:33:33.703Z] [PIPE]  create mode 100644 news-dashboard/live-site/assets/media/2026-05-15-crypto-decrypt-1.png
[2026-05-15T04:33:33.703Z] [PIPE]  create mode 100644 news-dashboard/live-site/assets/media/2026-05-15-crypto-decrypt-2.jpg
[2026-05-15T04:33:33.703Z] [PIPE]  create mode 100644 news-dashboard/live-site/assets/media/2026-05-15-crypto-decrypt-3.jpg
[2026-05-15T04:33:33.703Z] [PIPE]  rename news-dashboard/live-site/assets/media/{2026-05-08-crypto-decrypt-3.jpg => 2026-05-15-crypto-decrypt-4.jpg} (100%)
[2026-05-15T04:33:33.704Z] [PIPE]  rename news-dashboard/live-site/assets/media/{2026-05-08-crypto-decrypt-4.png => 2026-05-15-crypto-decrypt-5.png} (100%)
[2026-05-15T04:33:33.704Z] [PIPE]  create mode 100644 news-dashboard/live-site/assets/media/2026-05-15-hapoel-sport-5-3.jpg
[2026-05-15T04:33:33.704Z] [PIPE]  create mode 100644 news-dashboard/live-site/assets/media/2026-05-15-hapoel-ynet-sport-israel-soccer-1.jpg
[2026-05-15T04:33:33.704Z] [PIPE]  create mode 100644 news-dashboard/live-site/assets/media/2026-05-15-hapoel-ynet-sport-israel-soccer-2.jpg
[2026-05-15T04:33:33.704Z] [PIPE]  create mode 100644 news-dashboard/live-site/assets/media/2026-05-15-israel-israel-hayom-news-1.jpg
[2026-05-15T04:33:33.704Z] [PIPE]  create mode 100644 news-dashboard/live-site/assets/media/2026-05-15-israel-israel-hayom-news-2.jpg
[2026-05-15T04:33:33.704Z] [PIPE]  create mode 100644 news-dashboard/live-site/assets/media/2026-05-15-israel-israel-hayom-news-3.jpg
[2026-05-15T04:33:33.704Z] [PIPE]  create mode 100644 news-dashboard/live-site/assets/media/2026-05-15-israel-israel-hayom-news-4.jpg
[2026-05-15T04:33:33.704Z] [PIPE]  create mode 100644 news-dashboard/live-site/assets/media/2026-05-15-israel-israel-hayom-news-5.jpg
[2026-05-15T04:33:33.704Z] [PIPE]  create mode 100644 news-dashboard/live-site/assets/media/2026-05-15-technology-calcalist-tech-2.jpg
[2026-05-15T04:33:33.704Z] [PIPE]  create mode 100644 news-dashboard/live-site/assets/media/2026-05-15-technology-wired-1.jpg
[2026-05-15T04:33:33.704Z] [PIPE]  create mode 100644 news-dashboard/live-site/assets/media/2026-05-15-technology-wired-3.jpg
[2026-05-15T04:33:33.704Z] [PIPE]  create mode 100644 news-dashboard/live-site/assets/media/2026-05-15-technology-wired-4.jpg
[2026-05-15T04:33:33.704Z] [PIPE]  create mode 100644 news-dashboard/live-site/assets/media/2026-05-15-technology2-ai_tg_il-telegram-1.jpg
[2026-05-15T04:33:33.704Z] [PIPE]  create mode 100644 news-dashboard/live-site/assets/media/2026-05-15-technology2-ai_tg_il-telegram-14.jpg
[2026-05-15T04:33:33.704Z] [PIPE]  create mode 100644 news-dashboard/live-site/assets/media/2026-05-15-technology2-ai_tg_il-telegram-15.jpg
[2026-05-15T04:33:33.705Z] [PIPE]  create mode 100644 news-dashboard/live-site/assets/media/2026-05-15-technology2-ai_tg_il-telegram-16.jpg
[2026-05-15T04:33:33.705Z] [PIPE]  create mode 100644 news-dashboard/live-site/assets/media/2026-05-15-technology2-ai_tg_il-telegram-17.jpg
[2026-05-15T04:33:33.705Z] [PIPE]  create mode 100644 news-dashboard/live-site/assets/media/2026-05-15-technology2-ai_tg_il-telegram-8.jpg
[2026-05-15T04:33:33.705Z] [PIPE]  rename news-dashboard/live-site/assets/media/{2026-05-08-technology2-botai14-telegram-19.jpg => 2026-05-15-technology2-botai14-telegram-13.jpg} (100%)
[2026-05-15T04:33:33.705Z] [PIPE]  rename news-dashboard/live-site/assets/media/{2026-05-08-technology2-botai14-telegram-23.jpg => 2026-05-15-technology2-botai14-telegram-18.jpg} (100%)
[2026-05-15T04:33:33.705Z] [PIPE]  rename news-dashboard/live-site/assets/media/{2026-05-08-technology2-botai14-telegram-6.jpg => 2026-05-15-technology2-botai14-telegram-4.jpg} (100%)
[2026-05-15T04:33:33.705Z] [PIPE]  rename news-dashboard/live-site/assets/media/{2026-05-08-technology2-botai14-telegram-14.jpg => 2026-05-15-technology2-botai14-telegram-6.jpg} (100%)
[2026-05-15T04:33:33.705Z] [PIPE]  rename news-dashboard/live-site/assets/media/{2026-05-08-technology2-hackit770-telegram-17.jpg => 2026-05-15-technology2-hackit770-telegram-11.jpg} (100%)
[2026-05-15T04:33:33.705Z] [PIPE]  create mode 100644 news-dashboard/live-site/assets/media/2026-05-15-technology2-hackit770-telegram-19.jpg
[2026-05-15T04:33:33.705Z] [PIPE]  create mode 100644 news-dashboard/live-site/assets/media/2026-05-15-technology2-hackit770-telegram-20.jpg
[2026-05-15T04:33:33.705Z] [PIPE]  create mode 100644 news-dashboard/live-site/assets/media/2026-05-15-technology2-hackit770-telegram-21.jpg
[2026-05-15T04:33:33.705Z] [PIPE]  rename news-dashboard/live-site/assets/media/{2026-05-08-technology2-hackit770-telegram-13.jpg => 2026-05-15-technology2-hackit770-telegram-5.jpg} (100%)
[2026-05-15T04:33:33.705Z] [PIPE]  rename news-dashboard/live-site/assets/media/{2026-05-08-technology2-hackit770-telegram-16.jpg => 2026-05-15-technology2-hackit770-telegram-7.jpg} (100%)
[2026-05-15T04:33:33.705Z] [PIPE]  create mode 100644 news-dashboard/live-site/assets/media/2026-05-15-technology2-technewsheb-telegram-10.jpg
[2026-05-15T04:33:33.706Z] [PIPE]  create mode 100644 news-dashboard/live-site/assets/media/2026-05-15-technology2-technewsheb-telegram-12.jpg
[2026-05-15T04:33:33.706Z] [PIPE]  create mode 100644 news-dashboard/live-site/assets/media/2026-05-15-technology2-technewsheb-telegram-2.jpg
[2026-05-15T04:33:33.706Z] [PIPE]  create mode 100644 news-dashboard/live-site/assets/media/2026-05-15-technology2-technewsheb-telegram-22.jpg
[2026-05-15T04:33:33.706Z] [PIPE]  create mode 100644 news-dashboard/live-site/assets/media/2026-05-15-technology2-technewsheb-telegram-3.jpg
[2026-05-15T04:33:33.706Z] [PIPE]  create mode 100644 news-dashboard/live-site/assets/media/2026-05-15-technology2-technewsheb-telegram-9.jpg
[2026-05-15T04:33:33.706Z] [PIPE]  create mode 100644 news-dashboard/scheduled-logs/2026-05-15.log
[2026-05-15T04:33:33.706Z] [PIPE] {
[2026-05-15T04:33:33.706Z] [PIPE]   "ok": true,
[2026-05-15T04:33:33.706Z] [PIPE]   "buildId": "build-1778819402359",
[2026-05-15T04:33:33.707Z] [PIPE]   "commit": "1a1e83be054049bfbc9e829918927743ff66f6ed",
[2026-05-15T04:33:33.707Z] [PIPE]   "datedUrl": "https://eladtz2025.github.io/OpenCLawClawy/news-dashboard/live-site/2026-05-15.html?v=build-1778819402359"
[2026-05-15T04:33:33.707Z] [PIPE] }{
[2026-05-15T04:33:33.707Z] [PIPE]   "ok": true,
[2026-05-15T04:33:33.707Z] [PIPE]   "publicUrl": "https://eladtz2025.github.io/OpenCLawClawy/news-dashboard/live-site/latest.html?v=build-1778819402359",
[2026-05-15T04:33:33.707Z] [PIPE]   "resolvedUrl": "https://eladtz2025.github.io/OpenCLawClawy/news-dashboard/live-site/2026-05-15.html?v=build-1778819402359",
[2026-05-15T04:33:33.707Z] [PIPE]   "buildId": "build-1778819402359"
[2026-05-15T04:33:33.707Z] [PIPE] }{
[2026-05-15T04:33:33.707Z] [PIPE]   "ok": true,
[2026-05-15T04:33:33.707Z] [PIPE]   "checked": 12,
[2026-05-15T04:33:33.707Z] [PIPE]   "totalMediaRefs": 39,
[2026-05-15T04:33:33.708Z] [PIPE]   "attempts": 1
[2026-05-15T04:33:33.708Z] [PIPE] }Dashboard pipeline status: SUCCESS
[2026-05-15T04:33:33.708Z] [PIPE-ERR] To https://github.com/Eladtz2025/OpenCLawClawy.git
[2026-05-15T04:33:33.708Z] [PIPE-ERR]    8ca1c69..1a1e83b  HEAD -> main
[2026-05-15T04:33:33.709Z] [WARN] pipeline ok (PARTIAL: 4/5 topics met min) buildId=build-1778819402359
[2026-05-15T04:33:33.711Z] [INFO] sending summary (117 bytes) via gateway → telegram:620906995 key=news:morning:9f9f1478abad6c8f24343934
[2026-05-15T04:33:44.697Z] [INFO] sent ok messageId=1849 bytes=117
[2026-05-15T04:33:44.701Z] [INFO] === scheduled-run done OK buildId=build-1778819402359 status=sent ===
